TN:
SF:apache-debian/var/tests/test01/src/apache2-2.4.10/os/unix/unixd.c
FN:57,ap_unixd_set_rlimit
FN:125,ap_hook_get_get_suexec_identity
FN:125,ap_hook_get_suexec_identity
FN:125,ap_run_get_suexec_identity
FN:128,ap_unix_create_privileged_process
FN:195,ap_os_create_privileged_process
FN:213,proc_mutex_mech
FN:226,ap_unixd_set_proc_mutex_perms
FN:279,ap_unixd_set_global_mutex_perms
FN:291,ap_unixd_accept
FNDA:0,ap_unixd_set_rlimit
FNDA:0,ap_run_get_suexec_identity
FNDA:0,ap_hook_get_get_suexec_identity
FNDA:0,ap_hook_get_suexec_identity
FNDA:0,ap_unix_create_privileged_process
FNDA:0,ap_os_create_privileged_process
FNDA:0,proc_mutex_mech
FNDA:0,ap_unixd_set_proc_mutex_perms
FNDA:0,ap_unixd_set_global_mutex_perms
FNDA:3,ap_unixd_accept
FNF:10
FNH:1
DA:57,0
DA:65,0
DA:66,0
DA:68,0
DA:69,0
DA:70,0
DA:71,0
DA:72,0
DA:74,0
DA:77,0
DA:78,0
DA:79,0
DA:82,0
DA:86,0
DA:88,0
DA:91,0
DA:92,0
DA:96,0
DA:97,0
DA:98,0
DA:99,0
DA:102,0
DA:103,0
DA:107,0
DA:108,0
DA:110,0
DA:111,0
DA:125,0
DA:128,0
DA:135,0
DA:141,0
DA:142,0
DA:145,0
DA:147,0
DA:148,0
DA:151,0
DA:155,0
DA:156,0
DA:159,0
DA:161,0
DA:163,0
DA:164,0
DA:167,0
DA:168,0
DA:169,0
DA:171,0
DA:172,0
DA:173,0
DA:174,0
DA:175,0
DA:176,0
DA:183,0
DA:184,0
DA:187,0
DA:189,0
DA:190,0
DA:192,0
DA:195,0
DA:202,0
DA:204,0
DA:205,0
DA:208,0
DA:213,0
DA:215,0
DA:217,0
DA:218,0
DA:220,0
DA:221,0
DA:223,0
DA:226,0
DA:228,0
DA:229,0
DA:231,0
DA:244,0
DA:246,0
DA:247,0
DA:248,0
DA:249,0
DA:250,0
DA:251,0
DA:252,0
DA:255,0
DA:260,0
DA:262,0
DA:263,0
DA:265,0
DA:269,0
DA:273,0
DA:276,0
DA:279,0
DA:283,0
DA:284,0
DA:291,3
DA:300,3
DA:301,3
DA:302,3
DA:303,1
DA:316,1
DA:319,2
DA:320,0
DA:332,2
DA:397,2
DA:414,0
DA:416,0
DA:424,0
DA:425,0
DA:427,0
DA:429,0
DA:431,0
DA:433,2
LF:110
LH:10
end_of_record
TN:
SF:apache-debian/var/tests/test01/src/apache2-2.4.10/modules/http/mod_mime.c
FN:118,create_mime_dir_config
FN:136,overlay_extension_mappings
FN:174,remove_items
FN:194,merge_mime_dir_configs
FN:245,add_extension_info
FN:280,remove_extension_type
FN:291,remove_extension_info
FN:313,set_types_config
FN:321,multiviews_match
FN:429,mime_post_config
FN:477,zap_sp
FN:493,zap_sp_and_dup
FN:508,is_token
FN:517,is_qtext
FN:526,is_quoted_pair
FN:540,analyze_ct
FN:753,find_ct
FN:1006,register_hooks
FNDA:6,create_mime_dir_config
FNDA:0,overlay_extension_mappings
FNDA:0,remove_items
FNDA:0,merge_mime_dir_configs
FNDA:10,add_extension_info
FNDA:0,remove_extension_type
FNDA:0,remove_extension_info
FNDA:5,set_types_config
FNDA:0,multiviews_match
FNDA:5,mime_post_config
FNDA:0,zap_sp
FNDA:0,zap_sp_and_dup
FNDA:0,is_token
FNDA:0,is_qtext
FNDA:0,is_quoted_pair
FNDA:0,analyze_ct
FNDA:2,find_ct
FNDA:6,register_hooks
FNF:18
FNH:6
DA:118,6
DA:120,6
DA:122,6
DA:123,6
DA:125,6
DA:127,6
DA:129,6
DA:131,6
DA:136,0
DA:143,0
DA:144,0
DA:145,0
DA:147,0
DA:148,0
DA:150,0
DA:151,0
DA:153,0
DA:154,0
DA:156,0
DA:157,0
DA:159,0
DA:160,0
DA:162,0
DA:163,0
DA:165,0
DA:166,0
DA:169,0
DA:174,0
DA:177,0
DA:179,0
DA:180,0
DA:181,0
DA:183,0
DA:184,0
DA:185,0
DA:186,0
DA:189,0
DA:192,0
DA:194,0
DA:196,0
DA:197,0
DA:198,0
DA:200,0
DA:201,0
DA:202,0
DA:207,0
DA:208,0
DA:211,0
DA:217,0
DA:218,0
DA:219,0
DA:223,0
DA:224,0
DA:225,0
DA:227,0
DA:229,0
DA:230,0
DA:232,0
DA:233,0
DA:235,0
DA:236,0
DA:239,0
DA:242,0
DA:245,10
DA:248,10
DA:250,10
DA:251,10
DA:252,10
DA:253,10
DA:254,10
DA:256,10
DA:257,10
DA:259,10
DA:260,5
DA:261,5
DA:264,5
DA:267,10
DA:268,10
DA:269,10
DA:270,10
DA:272,10
DA:273,10
DA:280,0
DA:283,0
DA:291,0
DA:294,0
DA:296,0
DA:297,0
DA:299,0
DA:300,0
DA:302,0
DA:303,0
DA:304,0
DA:305,0
DA:306,0
DA:313,5
DA:316,5
DA:318,5
DA:321,0
DA:324,0
DA:327,0
DA:328,0
DA:329,0
DA:332,0
DA:333,0
DA:334,0
DA:337,0
DA:339,0
DA:340,0
DA:341,0
DA:344,0
DA:346,0
DA:347,0
DA:349,0
DA:351,0
DA:353,0
DA:354,0
DA:356,0
DA:358,0
DA:361,0
DA:364,0
DA:429,5
DA:433,5
DA:437,5
DA:438,0
DA:441,5
DA:442,5
DA:443,0
DA:447,0
DA:449,5
DA:451,0
DA:454,0
DA:457,5
DA:459,10
DA:460,0
DA:462,0
DA:463,0
DA:465,0
DA:467,0
DA:468,0
DA:469,0
DA:470,0
DA:473,5
DA:474,5
DA:477,0
DA:479,0
DA:480,0
DA:482,0
DA:483,0
DA:487,0
DA:490,0
DA:493,0
DA:496,0
DA:497,0
DA:499,0
DA:500,0
DA:502,0
DA:503,0
DA:505,0
DA:508,0
DA:512,0
DA:513,0
DA:514,0
DA:517,0
DA:521,0
DA:522,0
DA:523,0
DA:526,0
DA:528,0
DA:531,0
DA:532,0
DA:533,0
DA:534,0
DA:537,0
DA:540,0
DA:544,0
DA:545,0
DA:546,0
DA:552,0
DA:553,0
DA:554,0
DA:555,0
DA:557,0
DA:560,0
DA:561,0
DA:562,0
DA:564,0
DA:565,0
DA:568,0
DA:570,0
DA:572,0
DA:573,0
DA:574,0
DA:575,0
DA:578,0
DA:580,0
DA:581,0
DA:583,0
DA:584,0
DA:587,0
DA:589,0
DA:591,0
DA:594,0
DA:595,0
DA:597,0
DA:598,0
DA:600,0
DA:602,0
DA:604,0
DA:605,0
DA:606,0
DA:607,0
DA:608,0
DA:611,0
DA:612,0
DA:616,0
DA:617,0
DA:618,0
DA:619,0
DA:621,0
DA:623,0
DA:624,0
DA:625,0
DA:627,0
DA:628,0
DA:629,0
DA:630,0
DA:631,0
DA:633,0
DA:634,0
DA:635,0
DA:637,0
DA:638,0
DA:639,0
DA:640,0
DA:642,0
DA:644,0
DA:645,0
DA:646,0
DA:647,0
DA:649,0
DA:651,0
DA:652,0
DA:655,0
DA:657,0
DA:661,0
DA:662,0
DA:663,0
DA:664,0
DA:667,0
DA:670,0
DA:671,0
DA:672,0
DA:673,0
DA:675,0
DA:676,0
DA:678,0
DA:679,0
DA:680,0
DA:681,0
DA:683,0
DA:684,0
DA:686,0
DA:688,0
DA:691,0
DA:693,0
DA:699,0
DA:700,0
DA:702,0
DA:706,0
DA:708,0
DA:710,0
DA:712,0
DA:713,0
DA:714,0
DA:716,0
DA:719,0
DA:720,0
DA:721,0
DA:722,0
DA:724,0
DA:725,0
DA:728,0
DA:729,0
DA:730,0
DA:732,0
DA:734,0
DA:735,0
DA:736,0
DA:737,0
DA:738,0
DA:740,0
DA:741,0
DA:744,0
DA:753,2
DA:758,2
DA:759,2
DA:761,2
DA:762,1
DA:763,1
DA:766,1
DA:767,0
DA:770,1
DA:772,1
DA:775,1
DA:776,0
DA:779,1
DA:784,1
DA:785,0
DA:788,1
DA:799,1
DA:800,2
DA:801,0
DA:802,1
DA:803,1
DA:804,1
DA:805,1
DA:808,0
DA:809,0
DA:812,1
DA:816,3
DA:817,1
DA:821,1
DA:822,0
DA:825,1
DA:829,1
DA:830,1
DA:832,1
DA:833,1
DA:837,1
DA:838,1
DA:840,0
DA:841,0
DA:845,1
DA:848,0
DA:849,0
DA:850,0
DA:853,0
DA:854,0
DA:855,0
DA:857,0
DA:858,0
DA:859,0
DA:862,0
DA:863,0
DA:864,0
DA:866,0
DA:867,0
DA:868,0
DA:876,0
DA:882,0
DA:888,0
DA:889,0
DA:890,0
DA:891,0
DA:898,0
DA:899,0
DA:900,0
DA:901,0
DA:902,0
DA:904,0
DA:905,0
DA:908,0
DA:909,0
DA:910,0
DA:911,0
DA:912,0
DA:914,0
DA:915,0
DA:920,1
DA:921,0
DA:924,1
DA:933,1
DA:934,0
DA:938,1
DA:940,0
DA:942,0
DA:943,0
DA:944,0
DA:945,0
DA:947,0
DA:948,0
DA:949,0
DA:950,0
DA:951,0
DA:952,0
DA:953,0
DA:954,0
DA:955,0
DA:956,0
DA:957,0
DA:958,0
DA:959,0
DA:964,0
DA:968,0
DA:969,0
DA:975,0
DA:977,0
DA:978,0
DA:989,1
DA:992,0
DA:993,0
DA:995,0
DA:996,0
DA:999,1
DA:1000,1
DA:1003,0
DA:1006,6
DA:1008,6
DA:1009,6
DA:1016,6
LF:411
LH:82
end_of_record
TN:
SF:apache-debian/var/tests/test01/src/apache2-2.4.10/modules/http/http_request.c
FN:64,update_r_in_filters
FN:76,ap_die
FN:219,check_pipeline
FN:242,ap_process_request_after_handler
FN:272,ap_process_async_request
FN:356,ap_process_request
FN:389,rename_original_env
FN:406,internal_internal_redirect
FN:559,ap_internal_fast_redirect
FN:632,ap_internal_redirect
FN:663,ap_internal_redirect_handler
FN:688,ap_allow_methods
FN:708,ap_allow_standard_methods
FNDA:2,update_r_in_filters
FNDA:0,ap_die
FNDA:1,check_pipeline
FNDA:1,ap_process_request_after_handler
FNDA:1,ap_process_async_request
FNDA:0,ap_process_request
FNDA:0,rename_original_env
FNDA:0,internal_internal_redirect
FNDA:1,ap_internal_fast_redirect
FNDA:0,ap_internal_redirect
FNDA:0,ap_internal_redirect_handler
FNDA:0,ap_allow_methods
FNDA:1,ap_allow_standard_methods
FNF:13
FNH:6
DA:64,2
DA:68,12
DA:69,8
DA:70,1
DA:72,8
DA:74,2
DA:76,0
DA:78,0
DA:79,0
DA:80,0
DA:81,0
DA:83,0
DA:92,0
DA:93,0
DA:94,0
DA:101,0
DA:102,0
DA:104,0
DA:107,0
DA:111,0
DA:112,0
DA:113,0
DA:122,0
DA:123,0
DA:125,0
DA:126,0
DA:128,0
DA:138,0
DA:139,0
DA:142,0
DA:145,0
DA:152,0
DA:153,0
DA:160,0
DA:161,0
DA:169,0
DA:171,0
DA:178,0
DA:179,0
DA:181,0
DA:183,0
DA:189,0
DA:196,0
DA:198,0
DA:200,0
DA:201,0
DA:202,0
DA:203,0
DA:210,0
DA:211,0
DA:216,0
DA:219,1
DA:221,1
DA:223,1
DA:225,1
DA:227,1
DA:232,1
DA:235,0
DA:237,1
DA:239,1
DA:242,1
DA:246,1
DA:252,1
DA:253,1
DA:254,1
DA:256,1
DA:263,1
DA:264,1
DA:265,1
DA:267,1
DA:268,0
DA:270,1
DA:272,1
DA:274,1
DA:292,1
DA:293,0
DA:296,1
DA:298,0
DA:299,0
DA:300,0
DA:302,0
DA:303,0
DA:310,1
DA:311,1
DA:313,1
DA:314,1
DA:315,1
DA:316,1
DA:317,1
DA:321,1
DA:326,0
DA:327,0
DA:329,0
DA:330,0
DA:332,0
DA:334,1
DA:337,1
DA:340,1
DA:342,0
DA:345,1
DA:346,1
DA:349,0
DA:350,0
DA:353,1
DA:356,0
DA:360,0
DA:363,0
DA:365,0
DA:366,0
DA:367,0
DA:368,0
DA:369,0
DA:370,0
DA:379,0
DA:384,0
DA:385,0
DA:387,0
DA:389,0
DA:391,0
DA:392,0
DA:393,0
DA:396,0
DA:397,0
DA:398,0
DA:399,0
DA:400,0
DA:403,0
DA:406,0
DA:411,0
DA:412,0
DA:413,0
DA:416,0
DA:418,0
DA:419,0
DA:420,0
DA:428,0
DA:429,0
DA:430,0
DA:431,0
DA:432,0
DA:433,0
DA:435,0
DA:437,0
DA:439,0
DA:440,0
DA:442,0
DA:443,0
DA:448,0
DA:452,0
DA:454,0
DA:456,0
DA:457,0
DA:458,0
DA:459,0
DA:460,0
DA:461,0
DA:462,0
DA:463,0
DA:465,0
DA:466,0
DA:467,0
DA:468,0
DA:469,0
DA:470,0
DA:471,0
DA:473,0
DA:474,0
DA:475,0
DA:476,0
DA:478,0
DA:479,0
DA:480,0
DA:481,0
DA:482,0
DA:483,0
DA:485,0
DA:486,0
DA:488,0
DA:490,0
DA:498,0
DA:500,0
DA:502,0
DA:504,0
DA:505,0
DA:512,0
DA:513,0
DA:516,0
DA:522,0
DA:527,0
DA:530,0
DA:531,0
DA:533,0
DA:534,0
DA:539,0
DA:542,0
DA:550,0
DA:551,0
DA:552,0
DA:555,0
DA:559,1
DA:567,1
DA:568,1
DA:569,1
DA:570,1
DA:571,1
DA:572,1
DA:573,1
DA:574,1
DA:575,1
DA:576,1
DA:577,1
DA:578,1
DA:579,1
DA:580,1
DA:581,1
DA:583,1
DA:584,1
DA:585,1
DA:586,1
DA:587,1
DA:588,1
DA:589,1
DA:590,1
DA:591,1
DA:593,1
DA:594,1
DA:602,1
DA:603,1
DA:605,1
DA:606,0
DA:621,1
DA:622,2
DA:623,0
DA:624,0
DA:626,1
DA:627,1
DA:630,1
DA:632,0
DA:634,0
DA:640,0
DA:641,0
DA:644,0
DA:645,0
DA:646,0
DA:647,0
DA:648,0
DA:651,0
DA:652,0
DA:655,0
DA:663,0
DA:666,0
DA:669,0
DA:670,0
DA:673,0
DA:674,0
DA:675,0
DA:676,0
DA:677,0
DA:678,0
DA:679,0
DA:681,0
DA:684,0
DA:688,0
DA:697,0
DA:698,0
DA:701,0
DA:702,0
DA:703,0
DA:705,0
DA:706,0
DA:708,1
DA:718,1
DA:719,0
DA:722,1
DA:723,1
DA:724,5
DA:725,3
DA:727,1
DA:729,1
DA:730,1
LF:280
LH:87
end_of_record
TN:
SF:apache-debian/var/tests/test01/src/apache2-2.4.10/modules/http/http_core.c
FN:51,set_keep_alive_timeout
FN:67,set_keep_alive
FN:79,set_keep_alive_max
FN:102,http_scheme
FN:115,http_port
FN:124,ap_process_http_async_connection
FN:168,ap_process_http_sync_connection
FN:225,ap_process_http_connection
FN:235,http_create_request
FN:251,http_send_options
FN:260,http_post_config
FN:272,register_hooks
FNDA:0,set_keep_alive_timeout
FNDA:0,set_keep_alive
FNDA:0,set_keep_alive_max
FNDA:0,http_scheme
FNDA:0,http_port
FNDA:2,ap_process_http_async_connection
FNDA:0,ap_process_http_sync_connection
FNDA:2,ap_process_http_connection
FNDA:3,http_create_request
FNDA:2,http_send_options
FNDA:3,http_post_config
FNDA:4,register_hooks
FNF:12
FNH:6
DA:51,0
DA:55,0
DA:56,0
DA:57,0
DA:61,0
DA:62,0
DA:63,0
DA:64,0
DA:67,0
DA:70,0
DA:71,0
DA:72,0
DA:75,0
DA:76,0
DA:79,0
DA:82,0
DA:83,0
DA:84,0
DA:87,0
DA:88,0
DA:102,0
DA:108,0
DA:109,0
DA:110,0
DA:112,0
DA:115,0
DA:117,0
DA:118,0
DA:119,0
DA:121,0
DA:124,2
DA:127,2
DA:132,6
DA:133,2
DA:135,2
DA:137,1
DA:140,1
DA:141,1
DA:142,1
DA:143,1
DA:151,1
DA:154,1
DA:155,0
DA:157,0
DA:161,1
DA:165,2
DA:168,0
DA:171,0
DA:172,0
DA:173,0
DA:180,0
DA:181,0
DA:183,0
DA:186,0
DA:187,0
DA:188,0
DA:189,0
DA:190,0
DA:198,0
DA:201,0
DA:204,0
DA:206,0
DA:207,0
DA:210,0
DA:211,0
DA:214,0
DA:215,0
DA:217,0
DA:218,0
DA:222,0
DA:225,2
DA:227,2
DA:228,2
DA:231,0
DA:235,3
DA:237,3
DA:238,2
DA:240,2
DA:242,2
DA:244,2
DA:248,3
DA:251,2
DA:253,2
DA:254,0
DA:255,0
DA:257,2
DA:260,3
DA:263,3
DA:264,0
DA:266,3
DA:267,3
DA:269,3
DA:272,4
DA:274,4
DA:275,4
DA:277,4
DA:278,4
DA:279,4
DA:280,4
DA:281,4
DA:282,4
DA:283,4
DA:285,4
DA:286,4
DA:288,4
DA:289,4
DA:291,4
DA:292,4
DA:294,4
DA:295,4
DA:297,4
DA:298,4
LF:112
LH:52
end_of_record
TN:
SF:apache-debian/var/tests/test01/src/apache2-2.4.10/modules/http/byterange_filter.c
FN:80,ap_set_byterange
FN:309,use_range_x
FN:319,copy_brigade_range
FN:416,send_416
FN:430,ap_byterange_filter
FNDA:1,ap_set_byterange
FNDA:0,use_range_x
FNDA:0,copy_brigade_range
FNDA:0,send_416
FNDA:1,ap_byterange_filter
FNF:5
FNH:2
DA:80,1
DA:88,1
DA:89,1
DA:90,1
DA:92,1
DA:96,1
DA:97,1
DA:99,1
DA:100,0
DA:114,1
DA:115,1
DA:118,1
DA:119,1
DA:123,0
DA:124,0
DA:128,0
DA:129,0
DA:130,0
DA:131,0
DA:137,0
DA:138,0
DA:141,0
DA:142,0
DA:143,0
DA:144,0
DA:145,0
DA:148,0
DA:149,0
DA:150,0
DA:152,0
DA:153,0
DA:158,0
DA:159,0
DA:166,0
DA:167,0
DA:170,0
DA:172,0
DA:173,0
DA:175,0
DA:176,0
DA:178,0
DA:179,0
DA:182,0
DA:183,0
DA:184,0
DA:186,0
DA:187,0
DA:188,0
DA:189,0
DA:191,0
DA:192,0
DA:193,0
DA:197,0
DA:203,0
DA:204,0
DA:205,0
DA:206,0
DA:207,0
DA:208,0
DA:209,0
DA:210,0
DA:215,0
DA:216,0
DA:218,0
DA:219,0
DA:220,0
DA:222,0
DA:223,0
DA:226,0
DA:228,0
DA:229,0
DA:230,0
DA:231,0
DA:233,0
DA:235,0
DA:236,0
DA:239,0
DA:240,0
DA:241,0
DA:242,0
DA:244,0
DA:245,0
DA:246,0
DA:249,0
DA:250,0
DA:251,0
DA:253,0
DA:254,0
DA:255,0
DA:256,0
DA:258,0
DA:259,0
DA:260,0
DA:261,0
DA:265,0
DA:266,0
DA:267,0
DA:268,0
DA:269,0
DA:270,0
DA:272,0
DA:274,0
DA:276,0
DA:277,0
DA:279,0
DA:285,0
DA:286,0
DA:287,0
DA:288,0
DA:289,0
DA:293,0
DA:294,0
DA:295,0
DA:299,0
DA:309,0
DA:312,0
DA:313,0
DA:314,0
DA:319,0
DA:324,0
DA:325,0
DA:328,0
DA:335,0
DA:336,0
DA:338,0
DA:339,0
DA:341,0
DA:342,0
DA:343,0
DA:348,0
DA:349,0
DA:350,0
DA:351,0
DA:353,0
DA:354,0
DA:355,0
DA:356,0
DA:358,0
DA:360,0
DA:361,0
DA:363,0
DA:368,0
DA:369,0
DA:370,0
DA:371,0
DA:374,0
DA:375,0
DA:376,0
DA:377,0
DA:378,0
DA:379,0
DA:380,0
DA:382,0
DA:383,0
DA:386,0
DA:389,0
DA:390,0
DA:391,0
DA:392,0
DA:394,0
DA:395,0
DA:396,0
DA:397,0
DA:398,0
DA:400,0
DA:401,0
DA:402,0
DA:405,0
DA:407,0
DA:408,0
DA:411,0
DA:413,0
DA:416,0
DA:419,0
DA:420,0
DA:421,0
DA:422,0
DA:423,0
DA:424,0
DA:425,0
DA:426,0
DA:427,0
DA:430,1
DA:433,1
DA:434,1
DA:440,1
DA:442,1
DA:444,1
DA:450,1
DA:451,1
DA:453,3
DA:455,1
DA:456,3
DA:458,1
DA:459,3
DA:461,1
DA:466,3
DA:467,4
DA:468,1
DA:469,1
DA:470,1
DA:479,1
DA:480,0
DA:481,0
DA:484,1
DA:485,1
DA:488,1
DA:489,0
DA:490,0
DA:491,0
DA:492,1
DA:493,1
DA:494,1
DA:498,0
DA:500,0
DA:501,0
DA:503,0
DA:505,0
DA:507,0
DA:508,0
DA:512,0
DA:513,0
DA:522,0
DA:530,0
DA:532,0
DA:533,0
DA:534,0
DA:535,0
DA:537,0
DA:538,0
DA:539,0
DA:543,0
DA:545,0
DA:551,0
DA:552,0
DA:553,0
DA:559,0
DA:560,0
DA:561,0
DA:563,0
DA:566,0
DA:567,0
DA:568,0
DA:571,0
DA:572,0
DA:579,0
DA:580,0
DA:581,0
DA:582,0
DA:586,0
DA:588,0
DA:591,0
DA:595,0
DA:598,0
DA:599,0
DA:602,0
DA:603,0
DA:606,0
DA:607,0
DA:610,0
LF:260
LH:38
end_of_record
TN:
SF:apache-debian/var/tests/test01/src/apache2-2.4.10/modules/http/http_filters.c
FN:87,bail_out_on_error
FN:135,parse_chunk_size
FN:276,read_chunked_trailers
FN:323,ap_http_filter
FN:678,form_header_field
FN:715,uniq_field_values
FN:766,fixup_vary
FN:789,send_all_header_fields
FN:854,validate_status_line
FN:886,basic_http_header_check
FN:930,basic_http_header
FN:1024,ap_basic_http_header
FN:1032,terminate_header
FN:1042,ap_send_http_trace
FN:1162,ap_http_header_filter
FN:1391,ap_discard_request_body
FN:1503,ap_setup_client_block
FN:1557,ap_should_client_block
FN:1578,ap_get_client_block
FN:1648,ap_http_outerror_filter
FNDA:0,bail_out_on_error
FNDA:0,parse_chunk_size
FNDA:0,read_chunked_trailers
FNDA:2,ap_http_filter
FNDA:2,form_header_field
FNDA:0,uniq_field_values
FNDA:1,fixup_vary
FNDA:1,send_all_header_fields
FNDA:1,validate_status_line
FNDA:1,basic_http_header_check
FNDA:1,basic_http_header
FNDA:0,ap_basic_http_header
FNDA:1,terminate_header
FNDA:2,ap_send_http_trace
FNDA:1,ap_http_header_filter
FNDA:2,ap_discard_request_body
FNDA:0,ap_setup_client_block
FNDA:0,ap_should_client_block
FNDA:0,ap_get_client_block
FNDA:2,ap_http_outerror_filter
FNF:20
FNH:12
DA:87,0
DA:92,0
DA:94,0
DA:96,0
DA:97,0
DA:99,0
DA:102,0
DA:105,0
DA:108,0
DA:112,0
DA:113,0
DA:114,0
DA:115,0
DA:116,0
DA:117,0
DA:118,0
DA:123,0
DA:124,0
DA:135,0
DA:138,0
DA:140,0
DA:141,0
DA:146,0
DA:147,0
DA:148,0
DA:149,0
DA:151,0
DA:152,0
DA:158,0
DA:160,0
DA:161,0
DA:165,0
DA:166,0
DA:171,0
DA:174,0
DA:176,0
DA:177,0
DA:178,0
DA:179,0
DA:182,0
DA:183,0
DA:184,0
DA:187,0
DA:190,0
DA:194,0
DA:196,0
DA:197,0
DA:199,0
DA:200,0
DA:202,0
DA:206,0
DA:207,0
DA:210,0
DA:213,0
DA:214,0
DA:215,0
DA:218,0
DA:222,0
DA:224,0
DA:228,0
DA:229,0
DA:230,0
DA:233,0
DA:234,0
DA:236,0
DA:239,0
DA:240,0
DA:242,0
DA:243,0
DA:245,0
DA:246,0
DA:250,0
DA:253,0
DA:254,0
DA:256,0
DA:261,0
DA:264,0
DA:268,0
DA:269,0
DA:270,0
DA:273,0
DA:276,0
DA:281,0
DA:282,0
DA:283,0
DA:285,0
DA:286,0
DA:287,0
DA:288,0
DA:290,0
DA:291,0
DA:292,0
DA:293,0
DA:294,0
DA:295,0
DA:298,0
DA:300,0
DA:304,0
DA:307,0
DA:308,0
DA:311,0
DA:312,0
DA:315,0
DA:323,2
DA:329,2
DA:331,2
DA:335,2
DA:336,2
DA:339,2
DA:340,0
DA:343,2
DA:345,1
DA:346,1
DA:347,1
DA:348,1
DA:355,1
DA:356,1
DA:359,0
DA:362,1
DA:363,1
DA:365,1
DA:366,0
DA:367,0
DA:368,0
DA:370,0
DA:377,0
DA:380,0
DA:386,0
DA:388,0
DA:390,0
DA:392,1
DA:395,0
DA:400,0
DA:401,0
DA:403,0
DA:404,0
DA:407,0
DA:413,0
DA:414,0
DA:418,0
DA:433,1
DA:434,1
DA:435,1
DA:436,1
DA:437,1
DA:442,0
DA:443,0
DA:444,0
DA:445,0
DA:446,0
DA:447,0
DA:448,0
DA:457,0
DA:458,0
DA:461,0
DA:463,0
DA:464,0
DA:465,0
DA:466,0
DA:467,0
DA:468,0
DA:470,0
DA:476,1
DA:477,1
DA:478,1
DA:479,1
DA:483,0
DA:484,0
DA:487,0
DA:496,0
DA:499,0
DA:500,0
DA:501,0
DA:502,0
DA:505,0
DA:506,0
DA:509,0
DA:510,0
DA:513,0
DA:514,0
DA:518,0
DA:519,0
DA:521,0
DA:523,0
DA:524,0
DA:525,0
DA:526,0
DA:528,0
DA:529,0
DA:532,0
DA:533,0
DA:534,0
DA:536,0
DA:538,0
DA:542,0
DA:543,0
DA:545,0
DA:547,0
DA:549,0
DA:550,0
DA:553,0
DA:560,0
DA:561,0
DA:563,0
DA:566,0
DA:569,0
DA:570,0
DA:571,0
DA:572,0
DA:575,0
DA:576,0
DA:577,0
DA:580,0
DA:581,0
DA:585,0
DA:591,0
DA:592,0
DA:593,0
DA:594,0
DA:595,0
DA:596,0
DA:597,0
DA:600,0
DA:602,0
DA:603,0
DA:608,0
DA:614,0
DA:615,0
DA:616,0
DA:621,0
DA:630,0
DA:631,0
DA:632,0
DA:633,0
DA:636,0
DA:640,0
DA:643,0
DA:644,0
DA:645,0
DA:646,0
DA:649,0
DA:650,0
DA:653,0
DA:657,0
DA:659,0
DA:663,0
DA:665,0
DA:678,2
DA:692,2
DA:693,2
DA:694,2
DA:695,2
DA:696,2
DA:697,2
DA:698,2
DA:699,2
DA:700,2
DA:701,2
DA:702,2
DA:703,2
DA:704,2
DA:706,2
DA:715,0
DA:723,0
DA:725,0
DA:730,0
DA:731,0
DA:733,0
DA:734,0
DA:736,0
DA:737,0
DA:738,0
DA:740,0
DA:741,0
DA:747,0
DA:748,0
DA:749,0
DA:750,0
DA:753,0
DA:754,0
DA:756,0
DA:758,0
DA:766,1
DA:770,1
DA:776,1
DA:777,1
DA:781,1
DA:782,0
DA:783,0
DA:785,1
DA:789,1
DA:798,1
DA:799,1
DA:800,0
DA:802,1
DA:803,1
DA:804,1
DA:806,1
DA:812,4
DA:813,4
DA:814,4
DA:815,4
DA:816,4
DA:817,4
DA:818,4
DA:819,4
DA:820,4
DA:821,4
DA:822,4
DA:823,4
DA:824,4
DA:825,4
DA:827,1
DA:828,0
DA:830,0
DA:833,0
DA:834,0
DA:845,1
DA:854,1
DA:858,1
DA:859,0
DA:860,0
DA:861,0
DA:862,0
DA:863,0
DA:864,0
DA:865,0
DA:871,0
DA:872,0
DA:873,0
DA:875,0
DA:877,1
DA:886,1
DA:891,1
DA:893,1
DA:896,1
DA:898,1
DA:899,1
DA:900,0
DA:904,0
DA:905,0
DA:906,0
DA:911,1
DA:912,1
DA:913,0
DA:918,1
DA:919,0
DA:920,0
DA:921,0
DA:924,1
DA:930,1
DA:933,1
DA:934,1
DA:935,1
DA:936,1
DA:940,1
DA:942,1
DA:947,1
DA:948,1
DA:949,1
DA:950,1
DA:951,1
DA:952,1
DA:953,1
DA:954,1
DA:964,1
DA:967,1
DA:968,1
DA:974,1
DA:975,0
DA:976,0
DA:982,0
DA:983,0
DA:985,0
DA:988,1
DA:989,1
DA:992,1
DA:994,1
DA:995,1
DA:996,1
DA:997,1
DA:999,1
DA:1000,0
DA:1009,0
DA:1011,0
DA:1012,0
DA:1018,1
DA:1019,1
DA:1020,1
DA:1024,0
DA:1026,0
DA:1028,0
DA:1029,0
DA:1030,0
DA:1032,1
DA:1034,1
DA:1037,1
DA:1039,1
DA:1040,1
DA:1042,2
DA:1050,2
DA:1051,2
DA:1053,2
DA:1055,2
DA:1056,2
DA:1060,0
DA:1061,0
DA:1063,0
DA:1065,0
DA:1066,0
DA:1068,0
DA:1071,0
DA:1073,0
DA:1075,0
DA:1077,0
DA:1078,0
DA:1079,0
DA:1081,0
DA:1084,0
DA:1086,0
DA:1087,0
DA:1088,0
DA:1090,0
DA:1093,0
DA:1097,0
DA:1100,0
DA:1103,0
DA:1105,0
DA:1106,0
DA:1107,0
DA:1109,0
DA:1111,0
DA:1113,0
DA:1115,0
DA:1118,0
DA:1119,0
DA:1123,0
DA:1127,0
DA:1138,0
DA:1140,0
DA:1141,0
DA:1142,0
DA:1143,0
DA:1144,0
DA:1147,0
DA:1148,0
DA:1150,0
DA:1153,0
DA:1155,0
DA:1162,1
DA:1165,1
DA:1166,1
DA:1168,1
DA:1172,1
DA:1174,1
DA:1178,1
DA:1179,0
DA:1180,0
DA:1182,0
DA:1183,0
DA:1184,0
DA:1188,4
DA:1189,3
DA:1190,2
DA:1192,2
DA:1193,0
DA:1194,0
DA:1200,2
DA:1201,0
DA:1202,0
DA:1205,1
DA:1208,0
DA:1209,0
DA:1210,0
DA:1211,0
DA:1214,1
DA:1215,0
DA:1216,0
DA:1217,0
DA:1225,1
DA:1226,0
DA:1227,0
DA:1238,1
DA:1239,0
DA:1240,0
DA:1241,0
DA:1244,1
DA:1251,1
DA:1252,0
DA:1256,1
DA:1257,1
DA:1259,1
DA:1260,0
DA:1261,0
DA:1264,1
DA:1265,1
DA:1266,0
DA:1269,1
DA:1270,0
DA:1274,1
DA:1277,0
DA:1278,0
DA:1280,0
DA:1281,0
DA:1282,0
DA:1283,0
DA:1285,0
DA:1286,0
DA:1290,0
DA:1291,0
DA:1298,1
DA:1299,0
DA:1300,0
DA:1301,0
DA:1316,1
DA:1317,0
DA:1318,0
DA:1319,0
DA:1322,1
DA:1323,1
DA:1325,1
DA:1326,1
DA:1328,1
DA:1329,0
DA:1330,0
DA:1346,1
DA:1349,1
DA:1351,1
DA:1353,1
DA:1354,0
DA:1355,0
DA:1356,0
DA:1359,1
DA:1361,1
DA:1366,0
DA:1373,1
DA:1374,1
DA:1391,2
DA:1403,4
DA:1404,4
DA:1405,0
DA:1408,2
DA:1409,2
DA:1413,2
DA:1416,2
DA:1424,0
DA:1425,0
DA:1426,0
DA:1429,0
DA:1430,0
DA:1434,4
DA:1435,2
DA:1436,0
DA:1441,2
DA:1442,2
DA:1443,2
DA:1447,0
DA:1448,0
DA:1454,0
DA:1455,0
DA:1456,0
DA:1457,0
DA:1460,2
DA:1461,2
DA:1463,2
DA:1503,0
DA:1505,0
DA:1506,0
DA:1508,0
DA:1509,0
DA:1510,0
DA:1512,0
DA:1513,0
DA:1514,0
DA:1516,0
DA:1518,0
DA:1519,0
DA:1521,0
DA:1524,0
DA:1526,0
DA:1529,0
DA:1530,0
DA:1531,0
DA:1532,0
DA:1534,0
DA:1538,0
DA:1539,0
DA:1540,0
DA:1542,0
DA:1554,0
DA:1557,0
DA:1561,0
DA:1562,0
DA:1565,0
DA:1578,0
DA:1584,0
DA:1585,0
DA:1588,0
DA:1589,0
DA:1590,0
DA:1591,0
DA:1594,0
DA:1600,0
DA:1604,0
DA:1605,0
DA:1606,0
DA:1620,0
DA:1621,0
DA:1622,0
DA:1625,0
DA:1629,0
DA:1630,0
DA:1631,0
DA:1632,0
DA:1636,0
DA:1638,0
DA:1639,0
DA:1648,2
DA:1651,2
DA:1652,2
DA:1656,2
DA:1657,1
DA:1658,1
DA:1660,7
DA:1661,5
DA:1662,3
DA:1664,3
DA:1669,0
DA:1671,0
DA:1673,0
DA:1676,3
DA:1677,0
DA:1699,2
DA:1700,0
DA:1701,0
DA:1702,0
DA:1704,0
DA:1705,0
DA:1710,2
LF:639
LH:192
end_of_record
TN:
SF:apache-debian/var/tests/test01/src/apache2-2.4.10/include/http_protocol.h
FN:412,ap_rputs
FNDA:0,ap_rputs
FNF:1
FNH:0
DA:412,0
DA:414,0
LF:2
LH:0
end_of_record
SF:apache-debian/var/tests/test01/src/apache2-2.4.10/modules/http/http_protocol.c
FN:168,ap_hook_insert_error_filter
FN:168,ap_hook_get_insert_error_filter
FN:168,ap_run_insert_error_filter
FN:181,is_mpm_running
FN:197,ap_set_keepalive
FN:309,ap_condition_if_match
FN:331,ap_condition_if_unmodified_since
FN:379,ap_condition_if_none_match
FN:420,ap_condition_if_modified_since
FN:470,ap_condition_if_range
FN:528,ap_meets_conditions
FN:647,register_one_method
FN:659,ap_method_registry_destroy
FN:666,ap_method_registry_init
FN:703,ap_method_register
FN:740,lookup_builtin_method
FN:922,ap_method_number_of
FN:945,ap_method_name_of
FN:971,ap_index_of_response
FN:996,ap_get_status_line
FN:1003,make_allow
FN:1043,ap_send_http_options
FN:1058,ap_set_content_type
FN:1068,ap_set_accept_ranges
FN:1075,add_optional_notes
FN:1095,get_canned_error_string
FN:1358,ap_send_error_response
FN:1534,ap_make_method_list
FN:1548,ap_copy_method_list
FN:1567,ap_method_in_list
FN:1599,ap_method_list_add
FN:1633,ap_method_list_remove
FN:1671,ap_clear_method_list
FNDA:0,ap_run_insert_error_filter
FNDA:0,ap_hook_get_insert_error_filter
FNDA:0,ap_hook_insert_error_filter
FNDA:1,is_mpm_running
FNDA:1,ap_set_keepalive
FNDA:1,ap_condition_if_match
FNDA:1,ap_condition_if_unmodified_since
FNDA:1,ap_condition_if_none_match
FNDA:1,ap_condition_if_modified_since
FNDA:1,ap_condition_if_range
FNDA:1,ap_meets_conditions
FNDA:104,register_one_method
FNDA:3,ap_method_registry_destroy
FNDA:4,ap_method_registry_init
FNDA:0,ap_method_register
FNDA:2,lookup_builtin_method
FNDA:2,ap_method_number_of
FNDA:0,ap_method_name_of
FNDA:1,ap_index_of_response
FNDA:1,ap_get_status_line
FNDA:0,make_allow
FNDA:0,ap_send_http_options
FNDA:2,ap_set_content_type
FNDA:1,ap_set_accept_ranges
FNDA:0,add_optional_notes
FNDA:0,get_canned_error_string
FNDA:0,ap_send_error_response
FNDA:3,ap_make_method_list
FNDA:1,ap_copy_method_list
FNDA:0,ap_method_in_list
FNDA:0,ap_method_list_add
FNDA:0,ap_method_list_remove
FNDA:0,ap_clear_method_list
FNF:33
FNH:19
DA:168,0
DA:181,1
DA:183,1
DA:185,1
DA:186,0
DA:189,1
DA:190,0
DA:193,1
DA:197,1
DA:199,1
DA:200,1
DA:201,1
DA:202,1
DA:204,1
DA:235,1
DA:236,1
DA:237,1
DA:238,1
DA:239,1
DA:240,1
DA:241,0
DA:242,0
DA:245,0
DA:246,0
DA:247,1
DA:248,1
DA:249,1
DA:250,1
DA:251,1
DA:252,1
DA:253,1
DA:254,1
DA:255,0
DA:256,1
DA:257,1
DA:258,1
DA:260,1
DA:261,1
DA:264,1
DA:265,0
DA:266,0
DA:267,0
DA:268,0
DA:272,0
DA:273,0
DA:274,0
DA:276,0
DA:279,1
DA:290,0
DA:291,0
DA:299,0
DA:300,0
DA:301,0
DA:302,0
DA:304,0
DA:306,0
DA:309,1
DA:317,1
DA:318,0
DA:319,0
DA:320,0
DA:321,0
DA:324,0
DA:328,1
DA:331,1
DA:336,1
DA:337,1
DA:340,0
DA:345,0
DA:347,0
DA:348,0
DA:351,0
DA:353,0
DA:354,0
DA:357,0
DA:358,0
DA:359,0
DA:361,0
DA:364,0
DA:368,0
DA:372,0
DA:376,1
DA:379,1
DA:384,1
DA:385,1
DA:387,0
DA:388,0
DA:395,0
DA:396,0
DA:397,0
DA:398,0
DA:399,0
DA:403,0
DA:404,0
DA:410,0
DA:411,0
DA:412,0
DA:414,0
DA:417,1
DA:420,1
DA:425,1
DA:434,0
DA:436,0
DA:437,0
DA:440,0
DA:442,0
DA:443,0
DA:446,0
DA:448,0
DA:449,0
DA:450,0
DA:452,0
DA:455,0
DA:459,0
DA:463,0
DA:467,1
DA:470,1
DA:475,1
DA:476,0
DA:477,0
DA:479,0
DA:480,0
DA:481,0
DA:484,0
DA:496,0
DA:498,0
DA:499,0
DA:502,0
DA:504,0
DA:505,0
DA:508,0
DA:510,0
DA:511,0
DA:513,0
DA:516,0
DA:520,0
DA:525,1
DA:528,1
DA:530,1
DA:544,1
DA:545,0
DA:553,1
DA:554,1
DA:555,0
DA:557,1
DA:558,0
DA:566,1
DA:567,1
DA:568,0
DA:570,1
DA:571,0
DA:586,1
DA:587,1
DA:588,0
DA:590,1
DA:591,0
DA:592,0
DA:593,0
DA:597,0
DA:608,1
DA:609,1
DA:610,0
DA:612,1
DA:613,0
DA:614,0
DA:615,0
DA:623,1
DA:624,1
DA:625,0
DA:628,1
DA:629,0
DA:632,1
DA:647,104
DA:650,104
DA:652,104
DA:653,104
DA:654,104
DA:659,3
DA:661,3
DA:662,3
DA:663,3
DA:666,4
DA:668,4
DA:669,4
DA:675,4
DA:676,4
DA:677,4
DA:678,4
DA:679,4
DA:680,4
DA:681,4
DA:682,4
DA:683,4
DA:684,4
DA:685,4
DA:686,4
DA:687,4
DA:688,4
DA:689,4
DA:690,4
DA:691,4
DA:692,4
DA:693,4
DA:694,4
DA:695,4
DA:696,4
DA:697,4
DA:698,4
DA:699,4
DA:700,4
DA:701,4
DA:703,0
DA:707,0
DA:708,0
DA:711,0
DA:712,0
DA:718,0
DA:720,0
DA:721,0
DA:723,0
DA:727,0
DA:731,0
DA:734,0
DA:735,0
DA:740,2
DA:754,2
DA:757,2
DA:760,0
DA:761,0
DA:762,0
DA:764,4
DA:765,2
DA:766,4
DA:768,0
DA:772,0
DA:775,0
DA:776,0
DA:777,0
DA:778,0
DA:780,0
DA:781,0
DA:782,0
DA:783,0
DA:785,0
DA:786,0
DA:787,0
DA:788,0
DA:790,0
DA:791,0
DA:792,0
DA:793,0
DA:795,0
DA:796,0
DA:797,0
DA:798,0
DA:800,0
DA:804,0
DA:807,0
DA:808,0
DA:810,0
DA:811,0
DA:813,0
DA:814,0
DA:816,0
DA:817,0
DA:819,0
DA:820,0
DA:822,0
DA:826,0
DA:829,0
DA:832,0
DA:833,0
DA:835,0
DA:836,0
DA:838,0
DA:841,0
DA:842,0
DA:844,0
DA:845,0
DA:847,0
DA:851,0
DA:854,0
DA:855,0
DA:857,0
DA:858,0
DA:860,0
DA:861,0
DA:863,0
DA:867,0
DA:870,0
DA:871,0
DA:873,0
DA:874,0
DA:876,0
DA:880,0
DA:881,0
DA:884,0
DA:887,0
DA:888,0
DA:890,0
DA:891,0
DA:893,0
DA:897,0
DA:898,0
DA:901,0
DA:902,0
DA:905,0
DA:906,0
DA:909,0
DA:922,2
DA:924,2
DA:925,2
DA:927,2
DA:928,2
DA:931,0
DA:932,0
DA:934,0
DA:935,0
DA:939,0
DA:945,0
DA:947,0
DA:951,0
DA:955,0
DA:956,0
DA:957,0
DA:961,0
DA:971,1
DA:977,1
DA:978,0
DA:981,2
DA:982,2
DA:983,2
DA:984,1
DA:985,1
DA:986,1
DA:989,0
DA:993,0
DA:996,1
DA:998,1
DA:1003,0
DA:1006,0
DA:1007,0
DA:1009,0
DA:1010,0
DA:1012,0
DA:1014,0
DA:1018,0
DA:1019,0
DA:1020,0
DA:1023,0
DA:1024,0
DA:1029,0
DA:1030,0
DA:1034,0
DA:1035,0
DA:1036,0
DA:1037,0
DA:1040,0
DA:1043,0
DA:1045,0
DA:1046,0
DA:1049,0
DA:1055,0
DA:1058,2
DA:1060,2
DA:1061,1
DA:1063,1
DA:1064,1
DA:1066,2
DA:1068,1
DA:1070,1
DA:1071,1
DA:1072,1
DA:1074,1
DA:1075,0
DA:1082,0
DA:1083,0
DA:1086,0
DA:1089,0
DA:1095,0
DA:1099,0
DA:1102,0
DA:1107,0
DA:1113,0
DA:1120,0
DA:1129,0
DA:1136,0
DA:1142,0
DA:1144,0
DA:1147,0
DA:1149,0
DA:1151,0
DA:1155,0
DA:1159,0
DA:1163,0
DA:1166,0
DA:1169,0
DA:1171,0
DA:1173,0
DA:1178,0
DA:1180,0
DA:1183,0
DA:1187,0
DA:1190,0
DA:1193,0
DA:1195,0
DA:1197,0
DA:1199,0
DA:1202,0
DA:1207,0
DA:1209,0
DA:1211,0
DA:1218,0
DA:1220,0
DA:1227,0
DA:1229,0
DA:1231,0
DA:1234,0
DA:1238,0
DA:1239,0
DA:1240,0
DA:1247,0
DA:1249,0
DA:1252,0
DA:1256,0
DA:1260,0
DA:1264,0
DA:1270,0
DA:1272,0
DA:1275,0
DA:1278,0
DA:1284,0
DA:1288,0
DA:1291,0
DA:1294,0
DA:1297,0
DA:1307,0
DA:1309,0
DA:1310,0
DA:1311,0
DA:1314,0
DA:1321,0
DA:1358,0
DA:1360,0
DA:1361,0
DA:1363,0
DA:1368,0
DA:1374,0
DA:1376,0
DA:1383,0
DA:1384,0
DA:1390,0
DA:1391,0
DA:1392,0
DA:1395,0
DA:1396,0
DA:1397,0
DA:1400,0
DA:1401,0
DA:1408,0
DA:1409,0
DA:1410,0
DA:1412,0
DA:1413,0
DA:1414,0
DA:1417,0
DA:1421,0
DA:1422,0
DA:1423,0
DA:1425,0
DA:1427,0
DA:1428,0
DA:1429,0
DA:1432,0
DA:1435,0
DA:1438,0
DA:1439,0
DA:1440,0
DA:1443,0
DA:1444,0
DA:1445,0
DA:1449,0
DA:1466,0
DA:1467,0
DA:1468,0
DA:1469,0
DA:1473,0
DA:1479,0
DA:1481,0
DA:1482,0
DA:1483,0
DA:1484,0
DA:1485,0
DA:1486,0
DA:1492,0
DA:1493,0
DA:1494,0
DA:1495,0
DA:1497,0
DA:1502,0
DA:1508,0
DA:1514,0
DA:1518,0
DA:1519,0
DA:1520,0
DA:1524,0
DA:1525,0
DA:1527,0
DA:1534,3
DA:1538,3
DA:1539,3
DA:1540,3
DA:1541,3
DA:1548,1
DA:1555,1
DA:1556,1
DA:1557,1
DA:1558,0
DA:1559,0
DA:1561,1
DA:1567,0
DA:1577,0
DA:1578,0
DA:1579,0
DA:1584,0
DA:1585,0
DA:1587,0
DA:1588,0
DA:1589,0
DA:1590,0
DA:1593,0
DA:1599,0
DA:1610,0
DA:1611,0
DA:1612,0
DA:1613,0
DA:1618,0
DA:1619,0
DA:1620,0
DA:1621,0
DA:1622,0
DA:1626,0
DA:1627,0
DA:1633,0
DA:1643,0
DA:1644,0
DA:1645,0
DA:1646,0
DA:1651,0
DA:1653,0
DA:1654,0
DA:1655,0
DA:1656,0
DA:1657,0
DA:1659,0
DA:1662,0
DA:1671,0
DA:1673,0
DA:1674,0
DA:1675,0
LF:560
LH:149
end_of_record
TN:
SF:apache-debian/var/tests/test01/src/apache2-2.4.10/modules/http/http_etag.c
FN:34,etag_uint64_to_hex
FN:63,ap_make_etag
FN:167,ap_set_etag
FNDA:2,etag_uint64_to_hex
FNDA:1,ap_make_etag
FNDA:1,ap_set_etag
FNF:3
FNH:3
DA:34,2
DA:36,2
DA:37,2
DA:39,30
DA:40,30
DA:41,30
DA:42,14
DA:43,14
DA:45,16
DA:46,0
DA:48,30
DA:49,30
DA:50,2
DA:51,2
DA:63,1
DA:73,1
DA:74,1
DA:81,1
DA:82,0
DA:83,0
DA:86,1
DA:87,1
DA:101,1
DA:103,0
DA:104,0
DA:107,1
DA:108,1
DA:111,1
DA:116,1
DA:118,1
DA:119,1
DA:120,4
DA:121,2
DA:124,1
DA:125,1
DA:126,1
DA:127,0
DA:128,0
DA:130,1
DA:131,1
DA:132,0
DA:134,1
DA:135,1
DA:137,1
DA:138,1
DA:139,1
DA:141,1
DA:143,1
DA:144,1
DA:150,0
DA:152,0
DA:153,0
DA:154,0
DA:155,0
DA:158,0
DA:159,0
DA:160,0
DA:161,0
DA:164,1
DA:167,1
DA:173,1
DA:174,1
DA:177,1
DA:178,0
DA:198,0
DA:199,0
DA:201,0
DA:204,0
DA:205,0
DA:209,0
DA:210,0
DA:211,0
DA:214,0
DA:216,0
DA:219,1
LF:75
LH:47
end_of_record
TN:
SF:apache-debian/var/tests/test01/src/apache2-2.4.10/modules/http/chunk_filter.c
FN:47,ap_http_chunk_filter
FNDA:0,ap_http_chunk_filter
FNF:1
FNH:0
DA:47,0
DA:51,0
DA:56,0
DA:57,0
DA:58,0
DA:59,0
DA:66,0
DA:67,0
DA:68,0
DA:70,0
DA:72,0
DA:73,0
DA:75,0
DA:76,0
DA:82,0
DA:83,0
DA:85,0
DA:86,0
DA:87,0
DA:88,0
DA:90,0
DA:92,0
DA:97,0
DA:98,0
DA:99,0
DA:101,0
DA:107,0
DA:108,0
DA:109,0
DA:116,0
DA:120,0
DA:130,0
DA:136,0
DA:139,0
DA:140,0
DA:141,0
DA:147,0
DA:148,0
DA:149,0
DA:151,0
DA:152,0
DA:155,0
DA:179,0
DA:181,0
DA:183,0
DA:184,0
DA:188,0
DA:189,0
DA:190,0
DA:192,0
DA:193,0
DA:195,0
LF:52
LH:0
end_of_record
TN:
SF:apache-debian/var/tests/test01/src/apache2-2.4.10/modules/core/mod_so.c
FN:111,so_sconf_create
FN:129,unload_module
FN:146,dso_load
FN:182,load_module
FN:327,load_file
FN:342,ap_find_loaded_module_symbol
FN:362,dump_loaded_modules
FN:418,register_hooks
FNDA:4,so_sconf_create
FNDA:12,unload_module
FNDA:16,dso_load
FNDA:16,load_module
FNDA:0,load_file
FNDA:0,ap_find_loaded_module_symbol
FNDA:0,dump_loaded_modules
FNDA:4,register_hooks
FNF:8
FNH:5
DA:111,4
DA:115,4
DA:116,4
DA:119,4
DA:129,12
DA:131,12
DA:134,12
DA:135,0
DA:138,12
DA:141,12
DA:142,12
DA:143,12
DA:146,16
DA:149,16
DA:150,16
DA:152,16
DA:154,0
DA:157,16
DA:158,0
DA:159,0
DA:161,16
DA:162,16
DA:163,16
DA:165,0
DA:166,0
DA:167,0
DA:168,0
DA:171,0
DA:182,16
DA:199,16
DA:206,16
DA:208,16
DA:209,40
DA:210,24
DA:211,24
DA:212,0
DA:215,0
DA:219,80
DA:224,64
DA:231,64
DA:232,48
DA:235,16
DA:236,16
DA:238,16
DA:239,0
DA:241,16
DA:242,16
DA:243,0
DA:246,16
DA:247,16
DA:250,0
DA:251,0
DA:257,16
DA:258,16
DA:263,16
DA:264,16
DA:265,0
DA:266,16
DA:274,16
DA:277,0
DA:282,16
DA:283,16
DA:284,16
DA:290,16
DA:291,0
DA:302,16
DA:303,16
DA:304,0
DA:312,16
DA:317,16
DA:319,16
DA:327,0
DA:332,0
DA:333,0
DA:334,0
DA:336,0
DA:339,0
DA:342,0
DA:349,0
DA:351,0
DA:353,0
DA:354,0
DA:355,0
DA:356,0
DA:359,0
DA:362,0
DA:368,0
DA:370,0
DA:371,0
DA:374,0
DA:376,0
DA:378,0
DA:380,0
DA:381,0
DA:382,0
DA:383,0
DA:386,0
DA:388,0
DA:390,0
DA:391,0
DA:392,0
DA:393,0
DA:394,0
DA:418,4
DA:421,4
DA:422,4
DA:424,4
LF:107
LH:56
end_of_record
TN:
SF:apache-debian/var/tests/test01/src/apache2-2.4.10/modules/aaa/mod_authz_core.c
FN:102,create_authz_core_dir_config
FN:115,merge_authz_core_dir_config
FN:172,merge_authz_core_svr_config
FN:178,create_authz_core_svr_config
FN:191,authz_alias_check_authorization
FN:250,authz_require_alias_section
FN:348,format_authz_result
FN:359,format_authz_command
FN:373,create_default_section
FN:382,add_authz_provider
FN:464,add_authz_section
FN:566,authz_merge_sections
FN:588,authz_core_check_section
FN:647,authz_core_pre_config
FN:655,authz_core_check_config
FN:713,apply_authz_sections
FN:814,authorize_user_core
FN:905,authorize_userless
FN:910,authorize_user
FN:915,authz_some_auth_required
FN:933,env_check_authorization
FN:963,all_check_authorization
FN:973,all_parse_config
FN:1006,method_check_authorization
FN:1017,method_parse_config
FN:1054,expr_lookup_fn
FN:1066,expr_parse_config
FN:1087,expr_check_authorization
FN:1119,register_hooks
FNDA:6,create_authz_core_dir_config
FNDA:0,merge_authz_core_dir_config
FNDA:0,merge_authz_core_svr_config
FNDA:6,create_authz_core_svr_config
FNDA:0,authz_alias_check_authorization
FNDA:0,authz_require_alias_section
FNDA:0,format_authz_result
FNDA:0,format_authz_command
FNDA:0,create_default_section
FNDA:0,add_authz_provider
FNDA:0,add_authz_section
FNDA:0,authz_merge_sections
FNDA:0,authz_core_check_section
FNDA:5,authz_core_pre_config
FNDA:5,authz_core_check_config
FNDA:0,apply_authz_sections
FNDA:1,authorize_user_core
FNDA:1,authorize_userless
FNDA:0,authorize_user
FNDA:0,authz_some_auth_required
FNDA:0,env_check_authorization
FNDA:0,all_check_authorization
FNDA:0,all_parse_config
FNDA:0,method_check_authorization
FNDA:0,method_parse_config
FNDA:0,expr_lookup_fn
FNDA:0,expr_parse_config
FNDA:0,expr_check_authorization
FNDA:6,register_hooks
FNF:29
FNH:7
DA:102,6
DA:104,6
DA:106,6
DA:107,6
DA:109,6
DA:110,6
DA:112,6
DA:115,0
DA:118,0
DA:119,0
DA:122,0
DA:125,0
DA:127,0
DA:128,0
DA:129,0
DA:134,0
DA:135,0
DA:136,0
DA:138,0
DA:139,0
DA:141,0
DA:142,0
DA:144,0
DA:146,0
DA:149,0
DA:154,0
DA:157,0
DA:159,0
DA:160,0
DA:163,0
DA:164,0
DA:166,0
DA:168,0
DA:172,0
DA:175,0
DA:178,6
DA:182,6
DA:183,6
DA:185,6
DA:191,0
DA:196,0
DA:204,0
DA:206,0
DA:210,0
DA:213,0
DA:218,0
DA:219,0
DA:221,0
DA:222,0
DA:225,0
DA:226,0
DA:229,0
DA:232,0
DA:238,0
DA:241,0
DA:250,0
DA:253,0
DA:258,0
DA:261,0
DA:262,0
DA:263,0
DA:266,0
DA:267,0
DA:271,0
DA:273,0
DA:274,0
DA:279,0
DA:280,0
DA:281,0
DA:283,0
DA:284,0
DA:288,0
DA:293,0
DA:294,0
DA:296,0
DA:298,0
DA:302,0
DA:307,0
DA:308,0
DA:309,0
DA:310,0
DA:311,0
DA:312,0
DA:318,0
DA:319,0
DA:323,0
DA:324,0
DA:326,0
DA:327,0
DA:332,0
DA:335,0
DA:339,0
DA:345,0
DA:348,0
DA:350,0
DA:352,0
DA:359,0
DA:362,0
DA:363,0
DA:366,0
DA:367,0
DA:368,0
DA:369,0
DA:370,0
DA:373,0
DA:375,0
DA:377,0
DA:379,0
DA:382,0
DA:385,0
DA:386,0
DA:389,0
DA:391,0
DA:392,0
DA:393,0
DA:396,0
DA:399,0
DA:406,0
DA:407,0
DA:413,0
DA:414,0
DA:420,0
DA:422,0
DA:424,0
DA:428,0
DA:431,0
DA:432,0
DA:435,0
DA:436,0
DA:439,0
DA:440,0
DA:442,0
DA:446,0
DA:448,0
DA:450,0
DA:451,0
DA:452,0
DA:455,0
DA:458,0
DA:461,0
DA:464,0
DA:467,0
DA:468,0
DA:469,0
DA:471,0
DA:472,0
DA:475,0
DA:476,0
DA:480,0
DA:482,0
DA:483,0
DA:488,0
DA:490,0
DA:491,0
DA:493,0
DA:494,0
DA:496,0
DA:497,0
DA:498,0
DA:501,0
DA:502,0
DA:505,0
DA:508,0
DA:510,0
DA:511,0
DA:512,0
DA:514,0
DA:516,0
DA:518,0
DA:519,0
DA:522,0
DA:525,0
DA:526,0
DA:529,0
DA:530,0
DA:536,0
DA:538,0
DA:540,0
DA:543,0
DA:545,0
DA:546,0
DA:547,0
DA:550,0
DA:553,0
DA:557,0
DA:563,0
DA:566,0
DA:569,0
DA:571,0
DA:572,0
DA:574,0
DA:575,0
DA:577,0
DA:578,0
DA:581,0
DA:585,0
DA:588,0
DA:591,0
DA:592,0
DA:593,0
DA:595,0
DA:596,0
DA:597,0
DA:598,0
DA:601,0
DA:602,0
DA:605,0
DA:607,0
DA:608,0
DA:611,0
DA:615,0
DA:616,0
DA:618,0
DA:622,0
DA:623,0
DA:626,0
DA:628,0
DA:629,0
DA:630,0
DA:631,0
DA:634,0
DA:637,0
DA:638,0
DA:644,0
DA:647,5
DA:650,5
DA:652,5
DA:655,5
DA:658,5
DA:660,10
DA:661,0
DA:662,0
DA:663,0
DA:667,0
DA:670,5
DA:713,0
DA:720,0
DA:721,0
DA:724,0
DA:730,0
DA:733,0
DA:734,0
DA:737,0
DA:738,0
DA:741,0
DA:744,0
DA:746,0
DA:748,0
DA:751,0
DA:753,0
DA:754,0
DA:757,0
DA:763,0
DA:764,0
DA:765,0
DA:766,0
DA:768,0
DA:769,0
DA:770,0
DA:771,0
DA:776,0
DA:777,0
DA:778,0
DA:780,0
DA:781,0
DA:782,0
DA:783,0
DA:788,0
DA:792,0
DA:793,0
DA:794,0
DA:796,0
DA:802,0
DA:806,0
DA:811,0
DA:814,1
DA:819,1
DA:821,1
DA:822,1
DA:827,0
DA:831,0
DA:834,1
DA:837,1
DA:840,0
DA:842,0
DA:843,0
DA:845,0
DA:846,0
DA:847,0
DA:855,0
DA:856,0
DA:858,0
DA:865,0
DA:868,0
DA:869,0
DA:870,0
DA:875,0
DA:878,0
DA:882,0
DA:883,0
DA:891,0
DA:892,0
DA:893,0
DA:901,0
DA:905,1
DA:907,1
DA:910,0
DA:912,0
DA:915,0
DA:919,0
DA:921,0
DA:922,0
DA:923,0
DA:926,0
DA:933,0
DA:942,0
DA:943,0
DA:944,0
DA:945,0
DA:949,0
DA:963,0
DA:967,0
DA:968,0
DA:970,0
DA:973,0
DA:982,0
DA:983,0
DA:984,0
DA:986,0
DA:988,0
DA:991,0
DA:1006,0
DA:1010,0
DA:1011,0
DA:1012,0
DA:1014,0
DA:1017,0
DA:1021,0
DA:1023,0
DA:1025,0
DA:1026,0
DA:1027,0
DA:1028,0
DA:1031,0
DA:1034,0
DA:1035,0
DA:1054,0
DA:1056,0
DA:1057,0
DA:1059,0
DA:1061,0
DA:1063,0
DA:1066,0
DA:1069,0
DA:1070,0
DA:1072,0
DA:1074,0
DA:1077,0
DA:1078,0
DA:1082,0
DA:1084,0
DA:1087,0
DA:1091,0
DA:1092,0
DA:1093,0
DA:1095,0
DA:1096,0
DA:1099,0
DA:1101,0
DA:1102,0
DA:1103,0
DA:1105,0
DA:1108,0
DA:1119,6
DA:1121,6
DA:1123,6
DA:1124,6
DA:1125,6
DA:1127,6
DA:1130,6
DA:1133,6
DA:1136,6
DA:1139,6
DA:1142,6
LF:384
LH:37
end_of_record
TN:
SF:apache-debian/var/tests/test01/src/apache2-2.4.10/modules/arch/unix/mod_unixd.c
FN:87,set_group_privs
FN:139,unixd_drop_privileges
FN:207,unixd_set_user
FN:235,unixd_set_group
FN:250,unixd_set_chroot_dir
FN:266,unixd_set_suexec
FN:288,unixd_pre_config
FN:322,ap_unixd_setup_child
FN:375,unixd_dump_config
FN:395,unixd_hooks
FNDA:3,set_group_privs
FNDA:3,unixd_drop_privileges
FNDA:0,unixd_set_user
FNDA:0,unixd_set_group
FNDA:0,unixd_set_chroot_dir
FNDA:0,unixd_set_suexec
FNDA:5,unixd_pre_config
FNDA:0,ap_unixd_setup_child
FNDA:0,unixd_dump_config
FNDA:6,unixd_hooks
FNF:10
FNH:4
DA:87,3
DA:89,3
DA:94,0
DA:96,0
DA:98,0
DA:99,0
DA:103,0
DA:106,0
DA:109,0
DA:117,0
DA:118,0
DA:121,0
DA:126,0
DA:127,0
DA:130,0
DA:134,3
DA:139,3
DA:141,3
DA:143,3
DA:144,0
DA:147,3
DA:148,0
DA:149,0
DA:150,0
DA:152,0
DA:155,0
DA:156,0
DA:157,0
DA:159,0
DA:162,0
DA:163,0
DA:164,0
DA:166,0
DA:169,0
DA:170,0
DA:171,0
DA:173,0
DA:178,3
DA:182,0
DA:183,0
DA:184,0
DA:187,0
DA:191,3
DA:192,0
DA:193,0
DA:194,0
DA:197,0
DA:202,3
DA:207,0
DA:210,0
DA:211,0
DA:212,0
DA:215,0
DA:216,0
DA:218,0
DA:219,0
DA:231,0
DA:235,0
DA:238,0
DA:239,0
DA:240,0
DA:243,0
DA:244,0
DA:246,0
DA:250,0
DA:253,0
DA:254,0
DA:255,0
DA:257,0
DA:258,0
DA:261,0
DA:262,0
DA:266,0
DA:268,0
DA:270,0
DA:271,0
DA:274,0
DA:275,0
DA:279,0
DA:280,0
DA:283,0
DA:284,0
DA:288,5
DA:292,5
DA:293,5
DA:294,5
DA:295,5
DA:297,5
DA:300,5
DA:301,5
DA:303,0
DA:304,0
DA:305,0
DA:306,0
DA:309,0
DA:314,5
DA:318,5
DA:319,5
DA:322,0
DA:324,0
DA:325,0
DA:328,0
DA:329,0
DA:330,0
DA:332,0
DA:334,0
DA:335,0
DA:337,0
DA:339,0
DA:340,0
DA:342,0
DA:344,0
DA:345,0
DA:347,0
DA:352,0
DA:356,0
DA:357,0
DA:360,0
DA:364,0
DA:365,0
DA:366,0
DA:372,0
DA:375,0
DA:377,0
DA:378,0
DA:379,0
DA:380,0
DA:381,0
DA:382,0
DA:383,0
DA:384,0
DA:385,0
DA:386,0
DA:388,0
DA:390,0
DA:391,0
DA:395,6
DA:397,6
DA:399,6
DA:401,6
DA:403,6
LF:141
LH:26
end_of_record
TN:
SF:apache-debian/var/tests/test01/src/apache2-2.4.10/modules/mappers/mod_dir.c
FN:55,add_index
FN:84,configure_slash
FN:91,configure_checkhandler
FN:98,configure_redirect
FN:143,create_dir_config
FN:154,merge_dir_configs
FN:171,fixup_dflt
FN:224,fixup_dir
FN:383,dir_fixups
FN:396,register_hooks
FNDA:5,add_index
FNDA:0,configure_slash
FNDA:0,configure_checkhandler
FNDA:0,configure_redirect
FNDA:6,create_dir_config
FNDA:0,merge_dir_configs
FNDA:0,fixup_dflt
FNDA:1,fixup_dir
FNDA:2,dir_fixups
FNDA:6,register_hooks
FNF:10
FNH:5
DA:55,5
DA:57,5
DA:59,5
DA:61,5
DA:62,5
DA:65,5
DA:66,15
DA:67,5
DA:69,0
DA:70,0
DA:71,0
DA:73,0
DA:74,0
DA:77,5
DA:78,5
DA:81,5
DA:84,0
DA:86,0
DA:88,0
DA:89,0
DA:91,0
DA:93,0
DA:95,0
DA:96,0
DA:98,0
DA:100,0
DA:103,0
DA:104,0
DA:105,0
DA:106,0
DA:107,0
DA:108,0
DA:109,0
DA:110,0
DA:111,0
DA:112,0
DA:113,0
DA:114,0
DA:115,0
DA:116,0
DA:120,0
DA:123,0
DA:124,0
DA:143,6
DA:145,6
DA:147,6
DA:148,6
DA:149,6
DA:150,6
DA:151,6
DA:154,0
DA:156,0
DA:157,0
DA:158,0
DA:160,0
DA:161,0
DA:162,0
DA:163,0
DA:164,0
DA:165,0
DA:166,0
DA:167,0
DA:168,0
DA:171,0
DA:173,0
DA:176,0
DA:178,0
DA:179,0
DA:180,0
DA:190,0
DA:191,0
DA:193,0
DA:194,0
DA:195,0
DA:196,0
DA:197,0
DA:198,0
DA:200,0
DA:203,0
DA:204,0
DA:205,0
DA:206,0
DA:207,0
DA:208,0
DA:210,0
DA:211,0
DA:212,0
DA:215,0
DA:216,0
DA:217,0
DA:221,0
DA:224,1
DA:230,1
DA:233,1
DA:234,1
DA:238,1
DA:239,0
DA:242,1
DA:246,1
DA:250,0
DA:251,0
DA:258,0
DA:259,0
DA:260,0
DA:263,0
DA:264,0
DA:268,0
DA:272,0
DA:273,0
DA:274,0
DA:278,1
DA:279,0
DA:282,1
DA:283,0
DA:286,1
DA:287,1
DA:288,1
DA:291,0
DA:292,0
DA:293,0
DA:296,1
DA:298,1
DA:307,1
DA:308,0
DA:311,1
DA:323,1
DA:324,1
DA:325,1
DA:327,1
DA:328,0
DA:329,0
DA:332,1
DA:333,1
DA:338,0
DA:339,0
DA:340,0
DA:343,0
DA:344,0
DA:345,0
DA:346,0
DA:347,0
DA:348,0
DA:349,0
DA:361,0
DA:362,0
DA:363,0
DA:366,0
DA:369,0
DA:370,0
DA:374,0
DA:375,0
DA:376,0
DA:380,0
DA:383,2
DA:385,2
DA:387,1
DA:389,1
DA:391,0
DA:393,1
DA:396,6
DA:398,6
DA:399,6
LF:162
LH:48
end_of_record
TN:
SF:apache-debian/var/tests/test01/src/apache2-2.4.10/server/buildmark.c
FN:26,ap_get_server_built
FNDA:0,ap_get_server_built
FNF:1
FNH:0
DA:26,0
DA:28,0
LF:2
LH:0
end_of_record
TN:
SF:apache-debian/var/tests/test01/src/apache2-2.4.10/server/util_cookies.c
FN:40,ap_cookie_write
FN:82,ap_cookie_write2
FN:120,ap_cookie_remove
FN:148,ap_cookie_remove2
FN:177,extract_cookie_line
FN:244,ap_cookie_read
FN:283,ap_cookie_check_string
FNDA:0,ap_cookie_write
FNDA:0,ap_cookie_write2
FNDA:0,ap_cookie_remove
FNDA:0,ap_cookie_remove2
FNDA:0,extract_cookie_line
FNDA:0,ap_cookie_read
FNDA:0,ap_cookie_check_string
FNF:7
FNH:0
DA:40,0
DA:50,0
DA:51,0
DA:52,0
DA:56,0
DA:57,0
DA:58,0
DA:62,0
DA:63,0
DA:64,0
DA:66,0
DA:68,0
DA:82,0
DA:92,0
DA:93,0
DA:94,0
DA:98,0
DA:99,0
DA:100,0
DA:104,0
DA:105,0
DA:106,0
DA:108,0
DA:110,0
DA:120,0
DA:126,0
DA:128,0
DA:132,0
DA:133,0
DA:134,0
DA:136,0
DA:138,0
DA:148,0
DA:154,0
DA:156,0
DA:160,0
DA:161,0
DA:162,0
DA:164,0
DA:166,0
DA:177,0
DA:180,0
DA:181,0
DA:182,0
DA:183,0
DA:184,0
DA:186,0
DA:188,0
DA:189,0
DA:192,0
DA:193,0
DA:194,0
DA:195,0
DA:196,0
DA:197,0
DA:198,0
DA:199,0
DA:201,0
DA:202,0
DA:203,0
DA:204,0
DA:207,0
DA:208,0
DA:211,0
DA:212,0
DA:213,0
DA:215,0
DA:216,0
DA:219,0
DA:220,0
DA:223,0
DA:224,0
DA:228,0
DA:229,0
DA:232,0
DA:244,0
DA:249,0
DA:250,0
DA:251,0
DA:252,0
DA:253,0
DA:255,0
DA:256,0
DA:258,0
DA:259,0
DA:261,0
DA:265,0
DA:266,0
DA:267,0
DA:268,0
DA:271,0
DA:273,0
DA:283,0
DA:285,0
DA:286,0
DA:287,0
DA:289,0
LF:97
LH:0
end_of_record
TN:
SF:apache-debian/var/tests/test01/src/apache2-2.4.10/server/util_expr_scan.c
FN:852,ap_expr_yylex
FN:1664,yy_get_next_buffer
FN:1799,yy_get_previous_state
FN:1832,yy_try_NUL_trans
FN:1936,ap_expr_yyrestart
FN:1954,ap_expr_yy_switch_to_buffer
FN:1986,ap_expr_yy_load_buffer_state
FN:2001,ap_expr_yy_create_buffer
FN:2029,ap_expr_yy_delete_buffer
FN:2049,ap_expr_yy_init_buffer
FN:2078,ap_expr_yy_flush_buffer
FN:2108,ap_expr_yypush_buffer_state
FN:2139,ap_expr_yypop_buffer_state
FN:2159,ap_expr_yyensure_buffer_stack
FN:2209,ap_expr_yy_scan_buffer
FN:2246,ap_expr_yy_scan_string
FN:2259,ap_expr_yy_scan_bytes
FN:2289,yy_push_state
FN:2314,yy_pop_state
FN:2327,yy_fatal_error
FN:2355,ap_expr_yyget_extra
FN:2364,ap_expr_yyget_lineno
FN:2381,ap_expr_yyget_in
FN:2390,ap_expr_yyget_out
FN:2399,ap_expr_yyget_leng
FN:2409,ap_expr_yyget_text
FN:2419,ap_expr_yyset_extra
FN:2429,ap_expr_yyset_lineno
FN:2451,ap_expr_yyset_in
FN:2457,ap_expr_yyset_out
FN:2463,ap_expr_yyget_debug
FN:2469,ap_expr_yyset_debug
FN:2477,ap_expr_yyget_lval
FN:2483,ap_expr_yyset_lval
FN:2496,ap_expr_yylex_init
FN:2525,ap_expr_yylex_init_extra
FN:2553,yy_init_globals
FN:2587,ap_expr_yylex_destroy
FN:2640,ap_expr_yyalloc
FN:2645,ap_expr_yyrealloc
FN:2657,ap_expr_yyfree
FNDA:0,ap_expr_yylex
FNDA:0,yy_get_next_buffer
FNDA:0,yy_get_previous_state
FNDA:0,yy_try_NUL_trans
FNDA:0,ap_expr_yyrestart
FNDA:0,ap_expr_yy_switch_to_buffer
FNDA:0,ap_expr_yy_load_buffer_state
FNDA:0,ap_expr_yy_create_buffer
FNDA:0,ap_expr_yy_delete_buffer
FNDA:0,ap_expr_yy_init_buffer
FNDA:0,ap_expr_yy_flush_buffer
FNDA:0,ap_expr_yypush_buffer_state
FNDA:0,ap_expr_yypop_buffer_state
FNDA:0,ap_expr_yyensure_buffer_stack
FNDA:0,ap_expr_yy_scan_buffer
FNDA:0,ap_expr_yy_scan_string
FNDA:0,ap_expr_yy_scan_bytes
FNDA:0,yy_push_state
FNDA:0,yy_pop_state
FNDA:0,yy_fatal_error
FNDA:0,ap_expr_yyget_extra
FNDA:0,ap_expr_yyget_lineno
FNDA:0,ap_expr_yyget_in
FNDA:0,ap_expr_yyget_out
FNDA:0,ap_expr_yyget_leng
FNDA:0,ap_expr_yyget_text
FNDA:0,ap_expr_yyset_extra
FNDA:0,ap_expr_yyset_lineno
FNDA:0,ap_expr_yyset_in
FNDA:0,ap_expr_yyset_out
FNDA:0,ap_expr_yyget_debug
FNDA:0,ap_expr_yyset_debug
FNDA:0,ap_expr_yyget_lval
FNDA:0,ap_expr_yyset_lval
FNDA:0,ap_expr_yylex_init
FNDA:0,ap_expr_yylex_init_extra
FNDA:0,yy_init_globals
FNDA:0,ap_expr_yylex_destroy
FNDA:0,ap_expr_yyalloc
FNDA:0,ap_expr_yyrealloc
FNDA:0,ap_expr_yyfree
FNF:41
FNH:0
DA:852,0
DA:857,0
DA:887,0
DA:889,0
DA:891,0
DA:897,0
DA:898,0
DA:900,0
DA:901,0
DA:903,0
DA:904,0
DA:906,0
DA:907,0
DA:908,0
DA:909,0
DA:912,0
DA:917,0
DA:920,0
DA:925,0
DA:927,0
DA:931,0
DA:932,0
DA:934,0
DA:935,0
DA:937,0
DA:939,0
DA:940,0
DA:941,0
DA:943,0
DA:944,0
DA:946,0
DA:947,0
DA:948,0
DA:951,0
DA:953,0
DA:957,0
DA:961,0
DA:962,0
DA:963,0
DA:964,0
DA:1525,0
DA:1530,0
DA:1533,0
DA:1536,0
DA:1547,0
DA:1548,0
DA:1549,0
DA:1559,0
DA:1563,0
DA:1565,0
DA:1576,0
DA:1578,0
DA:1580,0
DA:1583,0
DA:1584,0
DA:1585,0
DA:1590,0
DA:1591,0
DA:1592,0
DA:1596,0
DA:1600,0
DA:1613,0
DA:1615,0
DA:1616,0
DA:1628,0
DA:1629,0
DA:1631,0
DA:1633,0
DA:1634,0
DA:1635,0
DA:1638,0
DA:1639,0
DA:1641,0
DA:1643,0
DA:1644,0
DA:1645,0
DA:1647,0
DA:1651,0
DA:1654,0
DA:1664,0
DA:1666,0
DA:1667,0
DA:1668,0
DA:1672,0
DA:1673,0
DA:1676,0
DA:1678,0
DA:1683,0
DA:1691,0
DA:1698,0
DA:1700,0
DA:1701,0
DA:1703,0
DA:1707,0
DA:1711,0
DA:1712,0
DA:1714,0
DA:1718,0
DA:1720,0
DA:1721,0
DA:1723,0
DA:1725,0
DA:1727,0
DA:1728,0
DA:1730,0
DA:1732,0
DA:1734,0
DA:1738,0
DA:1740,0
DA:1741,0
DA:1744,0
DA:1746,0
DA:1751,0
DA:1752,0
DA:1755,0
DA:1758,0
DA:1761,0
DA:1763,0
DA:1765,0
DA:1766,0
DA:1771,0
DA:1772,0
DA:1778,0
DA:1780,0
DA:1782,0
DA:1783,0
DA:1784,0
DA:1785,0
DA:1788,0
DA:1789,0
DA:1790,0
DA:1792,0
DA:1794,0
DA:1799,0
DA:1803,0
DA:1805,0
DA:1807,0
DA:1809,0
DA:1810,0
DA:1812,0
DA:1813,0
DA:1815,0
DA:1817,0
DA:1818,0
DA:1819,0
DA:1821,0
DA:1824,0
DA:1832,0
DA:1835,0
DA:1836,0
DA:1838,0
DA:1839,0
DA:1841,0
DA:1842,0
DA:1844,0
DA:1846,0
DA:1847,0
DA:1848,0
DA:1850,0
DA:1851,0
DA:1853,0
DA:1936,0
DA:1938,0
DA:1940,0
DA:1941,0
DA:1942,0
DA:1943,0
DA:1946,0
DA:1947,0
DA:1948,0
DA:1954,0
DA:1956,0
DA:1963,0
DA:1964,0
DA:1965,0
DA:1967,0
DA:1970,0
DA:1971,0
DA:1972,0
DA:1975,0
DA:1976,0
DA:1983,0
DA:1986,0
DA:1988,0
DA:1989,0
DA:1990,0
DA:1991,0
DA:1992,0
DA:1993,0
DA:2001,0
DA:2005,0
DA:2006,0
DA:2007,0
DA:2009,0
DA:2014,0
DA:2015,0
DA:2016,0
DA:2018,0
DA:2020,0
DA:2022,0
DA:2029,0
DA:2031,0
DA:2033,0
DA:2034,0
DA:2036,0
DA:2037,0
DA:2039,0
DA:2040,0
DA:2042,0
DA:2049,0
DA:2052,0
DA:2053,0
DA:2055,0
DA:2057,0
DA:2058,0
DA:2064,0
DA:2065,0
DA:2066,0
DA:2069,0
DA:2071,0
DA:2072,0
DA:2078,0
DA:2080,0
DA:2081,0
DA:2082,0
DA:2084,0
DA:2090,0
DA:2091,0
DA:2093,0
DA:2095,0
DA:2096,0
DA:2098,0
DA:2099,0
DA:2108,0
DA:2110,0
DA:2111,0
DA:2112,0
DA:2114,0
DA:2117,0
DA:2120,0
DA:2121,0
DA:2122,0
DA:2126,0
DA:2127,0
DA:2128,0
DA:2131,0
DA:2132,0
DA:2139,0
DA:2141,0
DA:2142,0
DA:2143,0
DA:2145,0
DA:2146,0
DA:2147,0
DA:2148,0
DA:2150,0
DA:2151,0
DA:2152,0
DA:2159,0
DA:2162,0
DA:2164,0
DA:2170,0
DA:2171,0
DA:2174,0
DA:2175,0
DA:2177,0
DA:2179,0
DA:2180,0
DA:2181,0
DA:2184,0
DA:2187,0
DA:2189,0
DA:2190,0
DA:2191,0
DA:2194,0
DA:2195,0
DA:2198,0
DA:2199,0
DA:2209,0
DA:2213,0
DA:2214,0
DA:2215,0
DA:2217,0
DA:2219,0
DA:2220,0
DA:2221,0
DA:2223,0
DA:2224,0
DA:2225,0
DA:2226,0
DA:2227,0
DA:2228,0
DA:2229,0
DA:2230,0
DA:2231,0
DA:2233,0
DA:2235,0
DA:2246,0
DA:2249,0
DA:2259,0
DA:2267,0
DA:2268,0
DA:2269,0
DA:2270,0
DA:2272,0
DA:2273,0
DA:2275,0
DA:2277,0
DA:2278,0
DA:2279,0
DA:2284,0
DA:2286,0
DA:2289,0
DA:2291,0
DA:2292,0
DA:2296,0
DA:2297,0
DA:2299,0
DA:2300,0
DA:2303,0
DA:2305,0
DA:2306,0
DA:2309,0
DA:2311,0
DA:2312,0
DA:2314,0
DA:2316,0
DA:2317,0
DA:2318,0
DA:2320,0
DA:2321,0
DA:2327,0
DA:2329,0
DA:2330,0
DA:2355,0
DA:2357,0
DA:2358,0
DA:2364,0
DA:2366,0
DA:2368,0
DA:2369,0
DA:2371,0
DA:2381,0
DA:2383,0
DA:2384,0
DA:2390,0
DA:2392,0
DA:2393,0
DA:2399,0
DA:2401,0
DA:2402,0
DA:2409,0
DA:2411,0
DA:2412,0
DA:2419,0
DA:2421,0
DA:2422,0
DA:2423,0
DA:2429,0
DA:2431,0
DA:2434,0
DA:2435,0
DA:2437,0
DA:2438,0
DA:2451,0
DA:2453,0
DA:2454,0
DA:2455,0
DA:2457,0
DA:2459,0
DA:2460,0
DA:2461,0
DA:2463,0
DA:2465,0
DA:2466,0
DA:2469,0
DA:2471,0
DA:2472,0
DA:2473,0
DA:2477,0
DA:2479,0
DA:2480,0
DA:2483,0
DA:2485,0
DA:2486,0
DA:2487,0
DA:2496,0
DA:2499,0
DA:2500,0
DA:2501,0
DA:2504,0
DA:2506,0
DA:2507,0
DA:2508,0
DA:2512,0
DA:2514,0
DA:2525,0
DA:2530,0
DA:2532,0
DA:2533,0
DA:2534,0
DA:2537,0
DA:2539,0
DA:2540,0
DA:2541,0
DA:2546,0
DA:2548,0
DA:2550,0
DA:2553,0
DA:2555,0
DA:2560,0
DA:2561,0
DA:2562,0
DA:2563,0
DA:2564,0
DA:2565,0
DA:2567,0
DA:2568,0
DA:2569,0
DA:2576,0
DA:2577,0
DA:2583,0
DA:2587,0
DA:2589,0
DA:2592,0
DA:2593,0
DA:2594,0
DA:2595,0
DA:2599,0
DA:2600,0
DA:2603,0
DA:2604,0
DA:2608,0
DA:2611,0
DA:2612,0
DA:2613,0
DA:2640,0
DA:2642,0
DA:2645,0
DA:2654,0
DA:2657,0
DA:2659,0
DA:2660,0
LF:443
LH:0
end_of_record
SF:apache-debian/var/tests/test01/src/apache2-2.4.10/server/util_expr_scan.l
DA:81,0
DA:82,0
DA:88,0
DA:89,0
DA:90,0
DA:91,0
DA:92,0
DA:95,0
DA:106,0
DA:111,0
DA:112,0
DA:113,0
DA:114,0
DA:117,0
DA:118,0
DA:119,0
DA:121,0
DA:122,0
DA:123,0
DA:127,0
DA:128,0
DA:129,0
DA:130,0
DA:131,0
DA:135,0
DA:138,0
DA:139,0
DA:142,0
DA:145,0
DA:146,0
DA:149,0
DA:150,0
DA:151,0
DA:152,0
DA:153,0
DA:160,0
DA:161,0
DA:162,0
DA:165,0
DA:168,0
DA:169,0
DA:171,0
DA:172,0
DA:173,0
DA:174,0
DA:175,0
DA:176,0
DA:177,0
DA:180,0
DA:182,0
DA:183,0
DA:184,0
DA:185,0
DA:186,0
DA:189,0
DA:190,0
DA:195,0
DA:196,0
DA:197,0
DA:198,0
DA:201,0
DA:204,0
DA:206,0
DA:207,0
DA:208,0
DA:209,0
DA:210,0
DA:213,0
DA:214,0
DA:219,0
DA:221,0
DA:223,0
DA:225,0
DA:227,0
DA:228,0
DA:232,0
DA:233,0
DA:240,0
DA:241,0
DA:245,0
DA:246,0
DA:250,0
DA:251,0
DA:255,0
DA:256,0
DA:257,0
DA:261,0
DA:263,0
DA:264,0
DA:265,0
DA:266,0
DA:267,0
DA:270,0
DA:271,0
DA:279,0
DA:280,0
DA:281,0
DA:283,0
DA:284,0
DA:285,0
DA:286,0
DA:288,0
DA:289,0
DA:290,0
DA:291,0
DA:294,0
DA:295,0
DA:296,0
DA:299,0
DA:300,0
DA:301,0
DA:302,0
DA:305,0
DA:306,0
DA:307,0
DA:308,0
DA:311,0
DA:312,0
DA:313,0
DA:319,0
DA:320,0
DA:321,0
DA:322,0
DA:323,0
DA:324,0
DA:325,0
DA:326,0
DA:327,0
DA:328,0
DA:329,0
DA:330,0
DA:331,0
DA:332,0
DA:333,0
DA:334,0
DA:335,0
DA:336,0
DA:337,0
DA:338,0
DA:339,0
DA:340,0
DA:343,0
DA:344,0
DA:345,0
DA:346,0
DA:347,0
DA:348,0
DA:349,0
DA:352,0
DA:353,0
DA:357,0
DA:358,0
DA:364,0
DA:365,0
DA:371,0
DA:372,0
DA:379,0
DA:380,0
DA:387,0
DA:394,0
DA:395,0
DA:398,0
DA:399,0
LF:163
LH:0
end_of_record
TN:
SF:apache-debian/var/tests/test01/src/apache2-2.4.10/server/main.c
FN:54,show_mpm_settings
FN:94,show_compile_settings
FN:252,destroy_and_exit_process
FN:270,abort_on_oom
FN:276,init_process
FN:328,usage
FN:438,main
FN:796,ap_suck_in_APR
FNDA:0,show_mpm_settings
FNDA:0,show_compile_settings
FNDA:1,destroy_and_exit_process
FNDA:0,abort_on_oom
FNDA:2,init_process
FNDA:0,usage
FNDA:2,main
FNDA:0,ap_suck_in_APR
FNF:8
FNH:3
DA:54,0
DA:59,0
DA:61,0
DA:63,0
DA:64,0
DA:66,0
DA:67,0
DA:69,0
DA:70,0
DA:73,0
DA:77,0
DA:79,0
DA:80,0
DA:82,0
DA:83,0
DA:85,0
DA:86,0
DA:89,0
DA:92,0
DA:94,0
DA:96,0
DA:97,0
DA:98,0
DA:104,0
DA:106,0
DA:113,0
DA:115,0
DA:117,0
DA:139,0
DA:143,0
DA:155,0
DA:157,0
DA:168,0
DA:184,0
DA:192,0
DA:196,0
DA:200,0
DA:210,0
DA:222,0
DA:226,0
DA:230,0
DA:234,0
DA:238,0
DA:242,0
DA:246,0
DA:248,0
DA:252,1
DA:262,1
DA:263,1
DA:264,1
DA:265,1
DA:266,1
DA:270,0
DA:272,0
DA:276,2
DA:281,2
DA:283,2
DA:284,2
DA:285,2
DA:286,2
DA:289,2
DA:300,0
DA:301,0
DA:303,0
DA:304,0
DA:305,0
DA:308,2
DA:309,2
DA:310,2
DA:317,2
DA:318,2
DA:320,2
DA:321,2
DA:322,2
DA:323,2
DA:324,2
DA:325,2
DA:328,0
DA:330,0
DA:331,0
DA:333,0
DA:336,0
DA:350,0
DA:354,0
DA:357,0
DA:360,0
DA:363,0
DA:366,0
DA:368,0
DA:371,0
DA:401,0
DA:404,0
DA:406,0
DA:408,0
DA:410,0
DA:413,0
DA:415,0
DA:418,0
DA:420,0
DA:422,0
DA:424,0
DA:426,0
DA:428,0
DA:430,0
DA:432,0
DA:435,0
DA:436,0
DA:438,2
DA:441,2
DA:442,2
DA:443,2
DA:444,2
DA:459,2
DA:460,2
DA:461,2
DA:462,2
DA:463,2
DA:467,2
DA:475,2
DA:476,2
DA:477,2
DA:478,2
DA:479,2
DA:481,2
DA:482,2
DA:483,0
DA:485,0
DA:488,2
DA:493,2
DA:495,6
DA:499,2
DA:501,0
DA:502,0
DA:503,0
DA:506,0
DA:507,0
DA:508,0
DA:511,0
DA:512,0
DA:515,0
DA:516,0
DA:518,0
DA:519,0
DA:521,0
DA:522,0
DA:524,0
DA:525,0
DA:526,0
DA:529,0
DA:530,0
DA:531,0
DA:534,0
DA:535,0
DA:538,0
DA:539,0
DA:540,0
DA:543,2
DA:544,2
DA:547,0
DA:548,0
DA:549,0
DA:552,0
DA:553,0
DA:556,0
DA:557,0
DA:558,0
DA:561,0
DA:562,0
DA:563,0
DA:566,0
DA:567,0
DA:570,0
DA:571,0
DA:572,0
DA:573,0
DA:574,0
DA:575,0
DA:578,0
DA:579,0
DA:580,0
DA:581,0
DA:584,0
DA:585,0
DA:586,0
DA:589,0
DA:590,0
DA:592,0
DA:596,0
DA:600,2
DA:601,2
DA:604,2
DA:605,0
DA:608,2
DA:609,2
DA:610,2
DA:611,2
DA:612,2
DA:620,2
DA:621,2
DA:622,0
DA:624,2
DA:625,2
DA:626,0
DA:628,2
DA:631,2
DA:633,2
DA:634,0
DA:636,0
DA:639,2
DA:641,2
DA:642,2
DA:643,2
DA:649,2
DA:651,2
DA:652,0
DA:654,0
DA:657,2
DA:658,0
DA:659,0
DA:661,0
DA:662,0
DA:663,0
DA:666,0
DA:667,0
DA:668,0
DA:670,0
DA:675,2
DA:676,0
DA:679,2
DA:680,2
DA:683,2
DA:684,0
DA:688,2
DA:690,2
DA:691,0
DA:693,0
DA:696,2
DA:697,0
DA:699,0
DA:702,2
DA:705,2
DA:706,2
DA:707,2
DA:708,2
DA:710,2
DA:711,2
DA:712,10
DA:713,8
DA:720,2
DA:721,2
DA:722,2
DA:723,2
DA:724,2
DA:725,2
DA:726,0
DA:728,2
DA:731,2
DA:733,2
DA:734,0
DA:736,0
DA:739,1
DA:741,0
DA:743,1
DA:744,1
DA:750,1
DA:752,1
DA:753,0
DA:755,0
DA:758,1
DA:759,1
DA:760,0
DA:762,0
DA:765,1
DA:766,0
DA:768,0
DA:771,1
DA:774,1
DA:776,1
DA:777,1
DA:778,1
DA:781,0
DA:784,1
DA:786,0
DA:796,0
DA:800,0
LF:285
LH:109
end_of_record
TN:
SF:apache-debian/var/tests/test01/src/apache2-2.4.10/server/util.c
FN:104,ap_field_noparam
FN:122,ap_ht_time
FN:188,ap_strcmp_match
FN:212,ap_strcasecmp_match
FN:242,ap_os_is_path_absolute
FN:253,ap_is_matchexp
FN:271,regex_cleanup
FN:277,ap_pregcomp
FN:294,ap_pregfree
FN:304,ap_strcasestr
FN:343,ap_stripprefix
FN:380,regsub_core
FN:472,ap_pregsub
FN:484,ap_pregsub_ex
FN:499,ap_getparents
FN:566,ap_no2slash
FN:616,ap_make_dirstr_prefix
FN:639,ap_make_dirstr_parent
FN:655,ap_count_dirs
FN:665,ap_getword_nc
FN:670,ap_getword
FN:693,ap_getword_white_nc
FN:698,ap_getword_white
FN:720,ap_getword_nulls_nc
FN:726,ap_getword_nulls
FN:752,substring_conf
FN:775,ap_getword_conf_nc
FN:780,ap_getword_conf
FN:824,ap_cfg_closefile
FN:834,cfg_close
FN:839,cfg_getch
FN:844,cfg_getstr
FN:850,ap_pcfg_openfile
FN:931,ap_pcfg_open_custom
FN:948,ap_cfg_getc
FN:956,ap_pcfg_strerror
FN:972,ap_cfg_getline_core
FN:1067,cfg_trim_line
FN:1091,ap_cfg_getline
FN:1100,ap_varbuf_cfg_getline
FN:1147,ap_size_list_item
FN:1207,ap_get_list_item
FN:1302,find_list_item
FN:1430,ap_find_list_item
FN:1439,ap_find_etag_strong
FN:1448,ap_find_etag_weak
FN:1460,ap_get_token
FN:1499,ap_find_token
FN:1534,ap_find_last_token
FN:1553,ap_escape_shell_cmd
FN:1586,x2c
FN:1618,unescape_url
FN:1672,ap_unescape_url
FN:1677,ap_unescape_url_keep2f
FN:1705,ap_unescape_urlencoded
FN:1722,ap_construct_server
FN:1733,ap_unescape_all
FN:1750,c2x
FN:1777,ap_escape_path_segment_buffer
FN:1796,ap_escape_path_segment
FN:1801,ap_os_escape_path
FN:1830,ap_escape_urlencoded_buffer
FN:1852,ap_escape_urlencoded
FN:1859,ap_escape_html2
FN:1907,ap_escape_logitem
FN:1975,ap_escape_errorlog_item
FN:2038,ap_bin2hex
FN:2050,ap_is_directory
FN:2060,ap_is_rdirectory
FN:2070,ap_make_full_path
FN:2101,ap_is_url
FN:2116,ap_ind
FN:2125,ap_rind
FN:2134,ap_str_tolower
FN:2142,ap_str_toupper
FN:2153,ap_get_local_host
FN:2201,ap_pbase64decode
FN:2213,ap_pbase64encode
FN:2232,ap_content_type_tolower
FN:2251,ap_escape_quotes
FN:2305,ap_append_pid
FN:2331,ap_timeout_parameter_parse
FN:2386,ap_request_has_body
FN:2405,ap_pool_cleanup_set_null
FN:2412,ap_str2_alnum
FN:2428,ap_pstr2_alnum
FN:2482,ap_parse_form_data
FN:2663,varbuf_cleanup
FN:2674,ap_varbuf_init
FN:2686,ap_varbuf_grow
FN:2771,ap_varbuf_strmemcat
FN:2791,ap_varbuf_free
FN:2800,ap_varbuf_pdup
FN:2833,ap_varbuf_regsub
FN:2846,ap_abort_on_oom
FN:2862,ap_malloc
FN:2870,ap_calloc
FN:2878,ap_realloc
FN:2886,ap_get_sload
FN:2941,ap_get_loadavg
FN:2967,ap_get_exec_line
FNDA:0,ap_field_noparam
FNDA:0,ap_ht_time
FNDA:0,ap_strcmp_match
FNDA:0,ap_strcasecmp_match
FNDA:0,ap_os_is_path_absolute
FNDA:0,ap_is_matchexp
FNDA:0,regex_cleanup
FNDA:0,ap_pregcomp
FNDA:0,ap_pregfree
FNDA:0,ap_strcasestr
FNDA:0,ap_stripprefix
FNDA:0,regsub_core
FNDA:0,ap_pregsub
FNDA:0,ap_pregsub_ex
FNDA:2,ap_getparents
FNDA:0,ap_no2slash
FNDA:0,ap_make_dirstr_prefix
FNDA:5,ap_make_dirstr_parent
FNDA:1,ap_count_dirs
FNDA:0,ap_getword_nc
FNDA:1,ap_getword
FNDA:0,ap_getword_white_nc
FNDA:2,ap_getword_white
FNDA:0,ap_getword_nulls_nc
FNDA:0,ap_getword_nulls
FNDA:138,substring_conf
FNDA:0,ap_getword_conf_nc
FNDA:144,ap_getword_conf
FNDA:15,ap_cfg_closefile
FNDA:7,cfg_close
FNDA:0,cfg_getch
FNDA:119,cfg_getstr
FNDA:7,ap_pcfg_openfile
FNDA:8,ap_pcfg_open_custom
FNDA:0,ap_cfg_getc
FNDA:0,ap_pcfg_strerror
FNDA:127,ap_cfg_getline_core
FNDA:112,cfg_trim_line
FNDA:3,ap_cfg_getline
FNDA:124,ap_varbuf_cfg_getline
FNDA:0,ap_size_list_item
FNDA:0,ap_get_list_item
FNDA:0,find_list_item
FNDA:0,ap_find_list_item
FNDA:0,ap_find_etag_strong
FNDA:0,ap_find_etag_weak
FNDA:0,ap_get_token
FNDA:3,ap_find_token
FNDA:0,ap_find_last_token
FNDA:0,ap_escape_shell_cmd
FNDA:0,x2c
FNDA:2,unescape_url
FNDA:2,ap_unescape_url
FNDA:0,ap_unescape_url_keep2f
FNDA:0,ap_unescape_urlencoded
FNDA:0,ap_construct_server
FNDA:0,ap_unescape_all
FNDA:0,c2x
FNDA:0,ap_escape_path_segment_buffer
FNDA:0,ap_escape_path_segment
FNDA:1,ap_os_escape_path
FNDA:0,ap_escape_urlencoded_buffer
FNDA:0,ap_escape_urlencoded
FNDA:0,ap_escape_html2
FNDA:0,ap_escape_logitem
FNDA:3,ap_escape_errorlog_item
FNDA:0,ap_bin2hex
FNDA:3,ap_is_directory
FNDA:0,ap_is_rdirectory
FNDA:1,ap_make_full_path
FNDA:0,ap_is_url
FNDA:0,ap_ind
FNDA:0,ap_rind
FNDA:634,ap_str_tolower
FNDA:0,ap_str_toupper
FNDA:0,ap_get_local_host
FNDA:0,ap_pbase64decode
FNDA:0,ap_pbase64encode
FNDA:0,ap_content_type_tolower
FNDA:0,ap_escape_quotes
FNDA:0,ap_append_pid
FNDA:0,ap_timeout_parameter_parse
FNDA:0,ap_request_has_body
FNDA:14,ap_pool_cleanup_set_null
FNDA:0,ap_str2_alnum
FNDA:0,ap_pstr2_alnum
FNDA:0,ap_parse_form_data
FNDA:0,varbuf_cleanup
FNDA:12,ap_varbuf_init
FNDA:12,ap_varbuf_grow
FNDA:0,ap_varbuf_strmemcat
FNDA:12,ap_varbuf_free
FNDA:0,ap_varbuf_pdup
FNDA:0,ap_varbuf_regsub
FNDA:0,ap_abort_on_oom
FNDA:102,ap_malloc
FNDA:8,ap_calloc
FNDA:0,ap_realloc
FNDA:0,ap_get_sload
FNDA:0,ap_get_loadavg
FNDA:0,ap_get_exec_line
FNF:101
FNH:30
DA:104,0
DA:108,0
DA:110,0
DA:111,0
DA:112,0
DA:115,0
DA:116,0
DA:118,0
DA:122,0
DA:130,0
DA:134,0
DA:139,0
DA:140,0
DA:141,0
DA:142,0
DA:144,0
DA:145,0
DA:147,0
DA:148,0
DA:149,0
DA:150,0
DA:151,0
DA:153,0
DA:154,0
DA:155,0
DA:156,0
DA:157,0
DA:158,0
DA:159,0
DA:162,0
DA:163,0
DA:166,0
DA:170,0
DA:171,0
DA:172,0
DA:188,0
DA:192,0
DA:193,0
DA:194,0
DA:195,0
DA:196,0
DA:197,0
DA:198,0
DA:199,0
DA:201,0
DA:202,0
DA:204,0
DA:206,0
DA:207,0
DA:209,0
DA:212,0
DA:216,0
DA:217,0
DA:218,0
DA:219,0
DA:220,0
DA:221,0
DA:222,0
DA:223,0
DA:225,0
DA:226,0
DA:228,0
DA:230,0
DA:231,0
DA:232,0
DA:234,0
DA:242,0
DA:245,0
DA:246,0
DA:247,0
DA:248,0
DA:250,0
DA:253,0
DA:257,0
DA:258,0
DA:259,0
DA:260,0
DA:271,0
DA:273,0
DA:274,0
DA:277,0
DA:280,0
DA:281,0
DA:282,0
DA:283,0
DA:284,0
DA:285,0
DA:288,0
DA:291,0
DA:294,0
DA:296,0
DA:297,0
DA:298,0
DA:304,0
DA:307,0
DA:309,0
DA:312,0
DA:313,0
DA:314,0
DA:317,0
DA:318,0
DA:319,0
DA:320,0
DA:322,0
DA:325,0
DA:327,0
DA:330,0
DA:331,0
DA:332,0
DA:343,0
DA:348,0
DA:349,0
DA:351,0
DA:352,0
DA:353,0
DA:354,0
DA:356,0
DA:357,0
DA:360,0
DA:380,0
DA:385,0
DA:389,0
DA:392,0
DA:393,0
DA:394,0
DA:395,0
DA:396,0
DA:397,0
DA:398,0
DA:399,0
DA:400,0
DA:403,0
DA:404,0
DA:409,0
DA:410,0
DA:411,0
DA:413,0
DA:415,0
DA:416,0
DA:417,0
DA:418,0
DA:420,0
DA:421,0
DA:422,0
DA:423,0
DA:428,0
DA:429,0
DA:431,0
DA:432,0
DA:435,0
DA:436,0
DA:437,0
DA:438,0
DA:439,0
DA:444,0
DA:446,0
DA:447,0
DA:448,0
DA:450,0
DA:452,0
DA:453,0
DA:454,0
DA:455,0
DA:457,0
DA:458,0
DA:459,0
DA:460,0
DA:464,0
DA:466,0
DA:472,0
DA:477,0
DA:479,0
DA:480,0
DA:481,0
DA:484,0
DA:489,0
DA:491,0
DA:492,0
DA:493,0
DA:499,2
DA:506,2
DA:509,2
DA:510,9
DA:511,5
DA:512,0
DA:513,0
DA:515,5
DA:519,2
DA:520,0
DA:521,2
DA:522,0
DA:523,2
DA:526,2
DA:528,9
DA:529,5
DA:530,0
DA:531,0
DA:533,0
DA:534,0
DA:535,0
DA:536,0
DA:537,0
DA:540,0
DA:541,0
DA:542,0
DA:543,0
DA:546,5
DA:550,2
DA:551,0
DA:552,2
DA:553,0
DA:554,0
DA:555,0
DA:556,0
DA:557,0
DA:558,0
DA:561,0
DA:562,0
DA:564,2
DA:566,0
DA:570,0
DA:578,0
DA:579,0
DA:581,0
DA:582,0
DA:585,0
DA:588,0
DA:589,0
DA:616,0
DA:618,0
DA:619,0
DA:620,0
DA:621,0
DA:625,0
DA:626,0
DA:627,0
DA:629,0
DA:630,0
DA:631,0
DA:632,0
DA:639,5
DA:641,5
DA:645,5
DA:646,0
DA:648,5
DA:649,5
DA:651,5
DA:655,1
DA:659,2
DA:660,1
DA:661,1
DA:662,1
DA:665,0
DA:667,0
DA:670,1
DA:672,1
DA:676,6
DA:677,4
DA:680,1
DA:681,1
DA:683,1
DA:684,2
DA:685,0
DA:688,1
DA:690,1
DA:693,0
DA:695,0
DA:698,2
DA:700,2
DA:704,8
DA:705,4
DA:708,2
DA:709,2
DA:711,6
DA:712,2
DA:715,2
DA:717,2
DA:720,0
DA:723,0
DA:726,0
DA:729,0
DA:732,0
DA:733,0
DA:734,0
DA:735,0
DA:736,0
DA:739,0
DA:741,0
DA:743,0
DA:745,0
DA:752,138
DA:755,138
DA:756,138
DA:759,3093
DA:760,2955
DA:761,0
DA:762,0
DA:764,2955
DA:767,138
DA:771,138
DA:775,0
DA:777,0
DA:780,144
DA:782,144
DA:786,288
DA:787,0
DA:789,144
DA:790,6
DA:791,6
DA:794,138
DA:795,0
DA:796,0
DA:797,0
DA:798,0
DA:799,0
DA:802,0
DA:805,0
DA:807,0
DA:808,0
DA:811,138
DA:812,3231
DA:813,2955
DA:815,138
DA:818,481
DA:819,205
DA:820,138
DA:821,138
DA:824,15
DA:830,15
DA:834,7
DA:836,7
DA:839,0
DA:841,0
DA:844,119
DA:846,119
DA:850,7
DA:854,7
DA:861,7
DA:862,0
DA:864,0
DA:867,7
DA:875,7
DA:876,0
DA:878,7
DA:879,7
DA:880,0
DA:882,7
DA:886,0
DA:888,0
DA:891,0
DA:892,0
DA:918,7
DA:919,7
DA:920,7
DA:921,7
DA:922,7
DA:923,7
DA:924,7
DA:925,7
DA:926,7
DA:931,8
DA:937,8
DA:938,8
DA:939,8
DA:940,8
DA:941,8
DA:942,8
DA:943,8
DA:944,8
DA:948,0
DA:950,0
DA:951,0
DA:952,0
DA:953,0
DA:956,0
DA:959,0
DA:960,0
DA:962,0
DA:963,0
DA:966,0
DA:972,127
DA:977,127
DA:979,127
DA:980,127
DA:983,127
DA:984,127
DA:985,127
DA:986,15
DA:987,0
DA:988,0
DA:991,15
DA:994,112
DA:995,0
DA:1002,112
DA:1003,112
DA:1004,112
DA:1005,112
DA:1006,112
DA:1007,0
DA:1008,224
DA:1009,0
DA:1014,0
DA:1015,0
DA:1016,0
DA:1019,0
DA:1020,0
DA:1022,112
DA:1023,0
DA:1026,0
DA:1028,0
DA:1030,0
DA:1032,0
DA:1036,0
DA:1037,0
DA:1038,0
DA:1039,0
DA:1041,0
DA:1043,0
DA:1044,0
DA:1045,0
DA:1046,0
DA:1048,0
DA:1049,0
DA:1050,0
DA:1056,0
DA:1057,0
DA:1059,0
DA:1060,0
DA:1061,0
DA:1062,0
DA:1064,112
DA:1067,112
DA:1073,112
DA:1074,284
DA:1075,60
DA:1077,112
DA:1078,292
DA:1079,68
DA:1081,112
DA:1082,52
DA:1086,112
DA:1091,3
DA:1094,3
DA:1095,3
DA:1096,0
DA:1097,3
DA:1100,124
DA:1106,124
DA:1107,124
DA:1109,124
DA:1110,0
DA:1111,124
DA:1112,0
DA:1113,0
DA:1114,0
DA:1115,0
DA:1116,0
DA:1117,0
DA:1121,124
DA:1122,124
DA:1123,112
DA:1124,124
DA:1125,124
DA:1126,0
DA:1127,0
DA:1128,0
DA:1129,0
DA:1130,0
DA:1131,0
DA:1132,0
DA:1133,0
DA:1134,124
DA:1135,0
DA:1136,124
DA:1137,112
DA:1138,124
DA:1147,0
DA:1149,0
DA:1155,0
DA:1156,0
DA:1158,0
DA:1162,0
DA:1163,0
DA:1164,0
DA:1166,0
DA:1167,0
DA:1170,0
DA:1171,0
DA:1172,0
DA:1173,0
DA:1174,0
DA:1175,0
DA:1176,0
DA:1177,0
DA:1178,0
DA:1179,0
DA:1180,0
DA:1181,0
DA:1182,0
DA:1187,0
DA:1188,0
DA:1189,0
DA:1194,0
DA:1195,0
DA:1197,0
DA:1198,0
DA:1207,0
DA:1213,0
DA:1218,0
DA:1219,0
DA:1221,0
DA:1228,0
DA:1229,0
DA:1230,0
DA:1232,0
DA:1233,0
DA:1234,0
DA:1237,0
DA:1238,0
DA:1239,0
DA:1240,0
DA:1241,0
DA:1242,0
DA:1243,0
DA:1244,0
DA:1245,0
DA:1246,0
DA:1247,0
DA:1248,0
DA:1249,0
DA:1250,0
DA:1251,0
DA:1252,0
DA:1253,0
DA:1254,0
DA:1255,0
DA:1256,0
DA:1257,0
DA:1258,0
DA:1259,0
DA:1260,0
DA:1261,0
DA:1262,0
DA:1264,0
DA:1265,0
DA:1266,0
DA:1267,0
DA:1269,0
DA:1270,0
DA:1273,0
DA:1274,0
DA:1275,0
DA:1276,0
DA:1277,0
DA:1278,0
DA:1279,0
DA:1280,0
DA:1281,0
DA:1282,0
DA:1286,0
DA:1288,0
DA:1302,0
DA:1306,0
DA:1307,0
DA:1309,0
DA:1310,0
DA:1312,0
DA:1313,0
DA:1315,0
DA:1316,0
DA:1317,0
DA:1319,0
DA:1320,0
DA:1327,0
DA:1328,0
DA:1332,0
DA:1333,0
DA:1335,0
DA:1336,0
DA:1337,0
DA:1339,0
DA:1340,0
DA:1344,0
DA:1345,0
DA:1347,0
DA:1353,0
DA:1354,0
DA:1355,0
DA:1357,0
DA:1358,0
DA:1359,0
DA:1360,0
DA:1363,0
DA:1364,0
DA:1365,0
DA:1366,0
DA:1367,0
DA:1368,0
DA:1369,0
DA:1370,0
DA:1371,0
DA:1372,0
DA:1373,0
DA:1374,0
DA:1375,0
DA:1376,0
DA:1377,0
DA:1378,0
DA:1379,0
DA:1380,0
DA:1381,0
DA:1382,0
DA:1383,0
DA:1384,0
DA:1385,0
DA:1386,0
DA:1387,0
DA:1388,0
DA:1390,0
DA:1392,0
DA:1393,0
DA:1395,0
DA:1396,0
DA:1399,0
DA:1400,0
DA:1401,0
DA:1402,0
DA:1403,0
DA:1404,0
DA:1405,0
DA:1406,0
DA:1407,0
DA:1408,0
DA:1410,0
DA:1411,0
DA:1412,0
DA:1413,0
DA:1417,0
DA:1418,0
DA:1420,0
DA:1422,0
DA:1430,0
DA:1433,0
DA:1439,0
DA:1442,0
DA:1448,0
DA:1451,0
DA:1460,0
DA:1463,0
DA:1469,0
DA:1470,0
DA:1472,0
DA:1478,0
DA:1479,0
DA:1480,0
DA:1481,0
DA:1482,0
DA:1483,0
DA:1486,0
DA:1490,0
DA:1491,0
DA:1493,0
DA:1494,0
DA:1499,3
DA:1504,3
DA:1505,3
DA:1507,0
DA:1512,0
DA:1513,0
DA:1515,0
DA:1516,0
DA:1518,0
DA:1520,0
DA:1521,0
DA:1523,0
DA:1524,0
DA:1525,0
DA:1527,0
DA:1528,0
DA:1530,0
DA:1534,0
DA:1539,0
DA:1540,0
DA:1542,0
DA:1543,0
DA:1544,0
DA:1546,0
DA:1547,0
DA:1548,0
DA:1550,0
DA:1553,0
DA:1559,0
DA:1560,0
DA:1561,0
DA:1562,0
DA:1576,0
DA:1577,0
DA:1579,0
DA:1581,0
DA:1583,0
DA:1586,0
DA:1591,0
DA:1592,0
DA:1593,0
DA:1594,0
DA:1595,0
DA:1606,0
DA:1618,2
DA:1623,2
DA:1624,2
DA:1627,2
DA:1628,2
DA:1629,2
DA:1631,0
DA:1632,0
DA:1633,0
DA:1636,0
DA:1637,0
DA:1638,0
DA:1642,0
DA:1643,0
DA:1644,0
DA:1645,0
DA:1646,0
DA:1647,0
DA:1649,0
DA:1650,0
DA:1651,0
DA:1652,0
DA:1655,0
DA:1656,0
DA:1661,0
DA:1662,0
DA:1663,0
DA:1665,0
DA:1666,0
DA:1669,0
DA:1672,2
DA:1675,2
DA:1677,0
DA:1680,0
DA:1682,0
DA:1685,0
DA:1705,0
DA:1710,0
DA:1711,0
DA:1712,0
DA:1713,0
DA:1719,0
DA:1722,0
DA:1725,0
DA:1726,0
DA:1729,0
DA:1733,0
DA:1735,0
DA:1750,0
DA:1756,0
DA:1757,0
DA:1758,0
DA:1759,0
DA:1777,0
DA:1779,0
DA:1780,0
DA:1783,0
DA:1784,0
DA:1785,0
DA:1788,0
DA:1790,0
DA:1792,0
DA:1793,0
DA:1796,0
DA:1798,0
DA:1801,1
DA:1803,1
DA:1804,1
DA:1805,1
DA:1808,1
DA:1809,0
DA:1810,0
DA:1812,0
DA:1813,0
DA:1814,0
DA:1817,3
DA:1818,1
DA:1819,0
DA:1822,1
DA:1824,1
DA:1826,1
DA:1827,1
DA:1830,0
DA:1832,0
DA:1833,0
DA:1836,0
DA:1837,0
DA:1838,0
DA:1840,0
DA:1841,0
DA:1844,0
DA:1846,0
DA:1848,0
DA:1849,0
DA:1852,0
DA:1854,0
DA:1859,0
DA:1865,0
DA:1866,0
DA:1867,0
DA:1868,0
DA:1869,0
DA:1870,0
DA:1871,0
DA:1872,0
DA:1873,0
DA:1875,0
DA:1876,0
DA:1878,0
DA:1879,0
DA:1880,0
DA:1881,0
DA:1882,0
DA:1884,0
DA:1885,0
DA:1886,0
DA:1888,0
DA:1889,0
DA:1890,0
DA:1892,0
DA:1893,0
DA:1894,0
DA:1896,0
DA:1897,0
DA:1898,0
DA:1899,0
DA:1902,0
DA:1904,0
DA:1905,0
DA:1907,0
DA:1912,0
DA:1914,0
DA:1915,0
DA:1919,0
DA:1920,0
DA:1921,0
DA:1922,0
DA:1927,0
DA:1930,0
DA:1931,0
DA:1935,0
DA:1936,0
DA:1937,0
DA:1938,0
DA:1939,0
DA:1940,0
DA:1941,0
DA:1943,0
DA:1944,0
DA:1946,0
DA:1947,0
DA:1949,0
DA:1950,0
DA:1952,0
DA:1953,0
DA:1955,0
DA:1956,0
DA:1959,0
DA:1960,0
DA:1962,0
DA:1963,0
DA:1967,0
DA:1970,0
DA:1972,0
DA:1975,3
DA:1981,3
DA:1982,0
DA:1985,3
DA:1986,3
DA:1987,3
DA:1989,266
DA:1991,263
DA:1992,0
DA:1993,0
DA:1994,0
DA:1995,0
DA:1998,0
DA:2000,0
DA:2001,0
DA:2003,0
DA:2004,0
DA:2006,0
DA:2007,0
DA:2009,0
DA:2010,0
DA:2012,0
DA:2013,0
DA:2015,0
DA:2016,0
DA:2018,0
DA:2019,0
DA:2021,0
DA:2022,0
DA:2023,0
DA:2025,0
DA:2026,0
DA:2030,263
DA:2033,3
DA:2035,3
DA:2038,0
DA:2040,0
DA:2043,0
DA:2044,0
DA:2045,0
DA:2047,0
DA:2048,0
DA:2050,3
DA:2054,3
DA:2055,0
DA:2057,3
DA:2060,0
DA:2064,0
DA:2065,0
DA:2067,0
DA:2070,1
DA:2076,1
DA:2077,1
DA:2081,1
DA:2082,1
DA:2083,0
DA:2084,0
DA:2088,1
DA:2089,1
DA:2090,1
DA:2091,0
DA:2093,1
DA:2095,1
DA:2101,0
DA:2105,0
DA:2106,0
DA:2107,0
DA:2108,0
DA:2109,0
DA:2113,0
DA:2116,0
DA:2118,0
DA:2120,0
DA:2121,0
DA:2122,0
DA:2125,0
DA:2127,0
DA:2129,0
DA:2130,0
DA:2131,0
DA:2134,634
DA:2136,8921
DA:2137,7653
DA:2138,7653
DA:2140,634
DA:2142,0
DA:2144,0
DA:2145,0
DA:2146,0
DA:2148,0
DA:2153,0
DA:2159,0
DA:2163,0
DA:2164,0
DA:2168,0
DA:2169,0
DA:2170,0
DA:2171,0
DA:2172,0
DA:2173,0
DA:2174,0
DA:2175,0
DA:2177,0
DA:2178,0
DA:2181,0
DA:2187,0
DA:2188,0
DA:2190,0
DA:2196,0
DA:2201,0
DA:2206,0
DA:2207,0
DA:2208,0
DA:2210,0
DA:2213,0
DA:2216,0
DA:2218,0
DA:2219,0
DA:2220,0
DA:2222,0
DA:2232,0
DA:2236,0
DA:2237,0
DA:2238,0
DA:2241,0
DA:2243,0
DA:2244,0
DA:2246,0
DA:2251,0
DA:2253,0
DA:2254,0
DA:2261,0
DA:2262,0
DA:2263,0
DA:2264,0
DA:2270,0
DA:2271,0
DA:2272,0
DA:2274,0
DA:2276,0
DA:2277,0
DA:2278,0
DA:2283,0
DA:2284,0
DA:2285,0
DA:2286,0
DA:2288,0
DA:2289,0
DA:2291,0
DA:2292,0
DA:2295,0
DA:2296,0
DA:2305,0
DA:2308,0
DA:2331,0
DA:2340,0
DA:2341,0
DA:2342,0
DA:2344,0
DA:2345,0
DA:2348,0
DA:2351,0
DA:2354,0
DA:2355,0
DA:2358,0
DA:2359,0
DA:2361,0
DA:2364,0
DA:2365,0
DA:2368,0
DA:2369,0
DA:2371,0
DA:2373,0
DA:2375,0
DA:2377,0
DA:2386,0
DA:2393,0
DA:2394,0
DA:2395,0
DA:2396,0
DA:2397,0
DA:2398,0
DA:2399,0
DA:2402,0
DA:2405,14
DA:2407,14
DA:2408,14
DA:2409,14
DA:2412,0
DA:2414,0
DA:2416,0
DA:2417,0
DA:2418,0
DA:2419,0
DA:2421,0
DA:2423,0
DA:2424,0
DA:2428,0
DA:2431,0
DA:2432,0
DA:2433,0
DA:2434,0
DA:2435,0
DA:2482,0
DA:2486,0
DA:2487,0
DA:2490,0
DA:2492,0
DA:2493,0
DA:2494,0
DA:2496,0
DA:2497,0
DA:2499,0
DA:2502,0
DA:2503,0
DA:2504,0
DA:2507,0
DA:2508,0
DA:2510,0
DA:2512,0
DA:2513,0
DA:2516,0
DA:2518,0
DA:2520,0
DA:2522,0
DA:2523,0
DA:2524,0
DA:2527,0
DA:2528,0
DA:2529,0
DA:2533,0
DA:2534,0
DA:2536,0
DA:2537,0
DA:2538,0
DA:2540,0
DA:2541,0
DA:2544,0
DA:2545,0
DA:2546,0
DA:2547,0
DA:2550,0
DA:2551,0
DA:2552,0
DA:2553,0
DA:2554,0
DA:2556,0
DA:2557,0
DA:2559,0
DA:2560,0
DA:2561,0
DA:2563,0
DA:2564,0
DA:2565,0
DA:2567,0
DA:2568,0
DA:2570,0
DA:2571,0
DA:2573,0
DA:2574,0
DA:2575,0
DA:2577,0
DA:2578,0
DA:2579,0
DA:2581,0
DA:2582,0
DA:2584,0
DA:2585,0
DA:2587,0
DA:2588,0
DA:2590,0
DA:2592,0
DA:2593,0
DA:2594,0
DA:2595,0
DA:2597,0
DA:2598,0
DA:2599,0
DA:2600,0
DA:2601,0
DA:2603,0
DA:2604,0
DA:2605,0
DA:2606,0
DA:2607,0
DA:2608,0
DA:2609,0
DA:2610,0
DA:2613,0
DA:2614,0
DA:2618,0
DA:2620,0
DA:2622,0
DA:2623,0
DA:2624,0
DA:2625,0
DA:2626,0
DA:2628,0
DA:2629,0
DA:2630,0
DA:2632,0
DA:2638,0
DA:2639,0
DA:2641,0
DA:2642,0
DA:2644,0
DA:2645,0
DA:2646,0
DA:2647,0
DA:2650,0
DA:2663,0
DA:2665,0
DA:2666,0
DA:2667,0
DA:2668,0
DA:2674,12
DA:2677,12
DA:2678,12
DA:2679,12
DA:2680,12
DA:2681,12
DA:2683,12
DA:2684,12
DA:2686,12
DA:2688,12
DA:2695,12
DA:2696,0
DA:2698,12
DA:2700,0
DA:2702,12
DA:2703,0
DA:2704,0
DA:2705,0
DA:2706,0
DA:2709,12
DA:2710,12
DA:2711,12
DA:2712,12
DA:2713,12
DA:2716,0
DA:2720,0
DA:2721,0
DA:2725,0
DA:2726,0
DA:2730,12
DA:2732,12
DA:2733,12
DA:2734,12
DA:2739,0
DA:2740,0
DA:2741,0
DA:2743,0
DA:2744,0
DA:2745,0
DA:2746,0
DA:2747,0
DA:2749,0
DA:2750,0
DA:2751,0
DA:2752,0
DA:2753,0
DA:2755,0
DA:2757,0
DA:2758,0
DA:2759,0
DA:2761,0
DA:2762,0
DA:2763,0
DA:2764,0
DA:2766,0
DA:2767,0
DA:2768,0
DA:2771,0
DA:2774,0
DA:2775,0
DA:2776,0
DA:2777,0
DA:2778,0
DA:2779,0
DA:2780,0
DA:2781,0
DA:2783,0
DA:2784,0
DA:2785,0
DA:2786,0
DA:2787,0
DA:2788,0
DA:2791,12
DA:2793,12
DA:2794,0
DA:2795,0
DA:2797,12
DA:2798,12
DA:2800,0
DA:2805,0
DA:2808,0
DA:2809,0
DA:2810,0
DA:2811,0
DA:2813,0
DA:2814,0
DA:2815,0
DA:2816,0
DA:2817,0
DA:2818,0
DA:2820,0
DA:2821,0
DA:2822,0
DA:2823,0
DA:2825,0
DA:2826,0
DA:2828,0
DA:2829,0
DA:2830,0
DA:2833,0
DA:2840,0
DA:2846,0
DA:2848,0
DA:2849,0
DA:2851,0
DA:2852,0
DA:2853,0
DA:2854,0
DA:2855,0
DA:2856,0
DA:2858,0
DA:2859,0
DA:2862,102
DA:2864,102
DA:2865,102
DA:2866,0
DA:2867,102
DA:2870,8
DA:2872,8
DA:2873,8
DA:2874,0
DA:2875,8
DA:2878,0
DA:2880,0
DA:2881,0
DA:2882,0
DA:2883,0
DA:2886,0
DA:2889,0
DA:2890,0
DA:2895,0
DA:2896,0
DA:2897,0
DA:2898,0
DA:2900,0
DA:2901,0
DA:2902,0
DA:2904,0
DA:2906,0
DA:2908,0
DA:2910,0
DA:2911,0
DA:2912,0
DA:2914,0
DA:2915,0
DA:2916,0
DA:2918,0
DA:2919,0
DA:2920,0
DA:2921,0
DA:2925,0
DA:2926,0
DA:2927,0
DA:2928,0
DA:2929,0
DA:2934,0
DA:2935,0
DA:2936,0
DA:2937,0
DA:2939,0
DA:2941,0
DA:2944,0
DA:2945,0
DA:2946,0
DA:2953,0
DA:2954,0
DA:2955,0
DA:2957,0
DA:2958,0
DA:2960,0
DA:2961,0
DA:2965,0
DA:2967,0
DA:2975,0
DA:2979,0
DA:2980,0
DA:2981,0
DA:2983,0
DA:2984,0
DA:2985,0
DA:2986,0
DA:2987,0
DA:2988,0
DA:2989,0
DA:2990,0
DA:2991,0
DA:2992,0
DA:2994,0
DA:2995,0
DA:2997,0
DA:2998,0
DA:2999,0
DA:3001,0
DA:3003,0
DA:3004,0
DA:3006,0
LF:1382
LH:236
end_of_record
TN:
SF:apache-debian/var/tests/test01/src/apache2-2.4.10/server/util_script.c
FN:56,http2env
FN:88,add_unless_null
FN:95,env2env
FN:100,ap_create_environment
FN:138,ap_add_common_vars
FN:303,ap_find_path_info
FN:327,original_uri
FN:352,ap_add_cgi_vars
FN:411,set_cookie_doo_doo
FN:420,ap_scan_script_header_err_core_ex
FN:648,ap_scan_script_header_err_core
FN:657,getsfunc_FILE
FN:662,ap_scan_script_header_err
FN:669,ap_scan_script_header_err_ex
FN:677,getsfunc_BRIGADE
FN:723,ap_scan_script_header_err_brigade
FN:731,ap_scan_script_header_err_brigade_ex
FN:747,getsfunc_STRING
FN:781,ap_scan_script_header_err_strs_ex
FN:803,ap_scan_script_header_err_strs
FN:825,argstr_to_table
FN:852,ap_args_to_table
FNDA:0,http2env
FNDA:0,add_unless_null
FNDA:0,env2env
FNDA:0,ap_create_environment
FNDA:0,ap_add_common_vars
FNDA:0,ap_find_path_info
FNDA:0,original_uri
FNDA:0,ap_add_cgi_vars
FNDA:0,set_cookie_doo_doo
FNDA:0,ap_scan_script_header_err_core_ex
FNDA:0,ap_scan_script_header_err_core
FNDA:0,getsfunc_FILE
FNDA:0,ap_scan_script_header_err
FNDA:0,ap_scan_script_header_err_ex
FNDA:0,getsfunc_BRIGADE
FNDA:0,ap_scan_script_header_err_brigade
FNDA:0,ap_scan_script_header_err_brigade_ex
FNDA:0,getsfunc_STRING
FNDA:0,ap_scan_script_header_err_strs_ex
FNDA:0,ap_scan_script_header_err_strs
FNDA:0,argstr_to_table
FNDA:0,ap_args_to_table
FNF:22
FNH:0
DA:56,0
DA:58,0
DA:59,0
DA:62,0
DA:63,0
DA:64,0
DA:65,0
DA:66,0
DA:68,0
DA:69,0
DA:70,0
DA:72,0
DA:73,0
DA:76,0
DA:77,0
DA:80,0
DA:83,0
DA:85,0
DA:88,0
DA:90,0
DA:91,0
DA:93,0
DA:95,0
DA:97,0
DA:98,0
DA:100,0
DA:102,0
DA:103,0
DA:104,0
DA:109,0
DA:110,0
DA:111,0
DA:112,0
DA:113,0
DA:116,0
DA:117,0
DA:118,0
DA:120,0
DA:121,0
DA:122,0
DA:123,0
DA:125,0
DA:126,0
DA:127,0
DA:129,0
DA:131,0
DA:134,0
DA:135,0
DA:138,0
DA:141,0
DA:142,0
DA:144,0
DA:145,0
DA:155,0
DA:156,0
DA:159,0
DA:167,0
DA:168,0
DA:169,0
DA:177,0
DA:178,0
DA:180,0
DA:181,0
DA:187,0
DA:197,0
DA:198,0
DA:199,0
DA:203,0
DA:206,0
DA:207,0
DA:208,0
DA:210,0
DA:211,0
DA:213,0
DA:236,0
DA:239,0
DA:240,0
DA:241,0
DA:242,0
DA:243,0
DA:244,0
DA:245,0
DA:246,0
DA:247,0
DA:248,0
DA:249,0
DA:250,0
DA:251,0
DA:252,0
DA:253,0
DA:254,0
DA:255,0
DA:256,0
DA:257,0
DA:260,0
DA:263,0
DA:264,0
DA:266,0
DA:267,0
DA:269,0
DA:270,0
DA:272,0
DA:273,0
DA:274,0
DA:275,0
DA:277,0
DA:280,0
DA:281,0
DA:282,0
DA:283,0
DA:288,0
DA:289,0
DA:290,0
DA:293,0
DA:294,0
DA:296,0
DA:303,0
DA:305,0
DA:306,0
DA:308,0
DA:309,0
DA:310,0
DA:314,0
DA:315,0
DA:318,0
DA:319,0
DA:321,0
DA:327,0
DA:331,0
DA:332,0
DA:335,0
DA:337,0
DA:338,0
DA:340,0
DA:341,0
DA:344,0
DA:345,0
DA:346,0
DA:349,0
DA:352,0
DA:354,0
DA:356,0
DA:357,0
DA:358,0
DA:359,0
DA:360,0
DA:368,0
DA:369,0
DA:370,0
DA:371,0
DA:374,0
DA:375,0
DA:378,0
DA:380,0
DA:381,0
DA:383,0
DA:386,0
DA:394,0
DA:397,0
DA:398,0
DA:404,0
DA:406,0
DA:408,0
DA:411,0
DA:413,0
DA:414,0
DA:420,0
DA:428,0
DA:431,0
DA:432,0
DA:434,0
DA:435,0
DA:437,0
DA:440,0
DA:448,0
DA:449,0
DA:453,0
DA:454,0
DA:455,0
DA:456,0
DA:457,0
DA:458,0
DA:461,0
DA:463,0
DA:464,0
DA:467,0
DA:472,0
DA:477,0
DA:478,0
DA:479,0
DA:482,0
DA:498,0
DA:499,0
DA:512,0
DA:513,0
DA:515,0
DA:517,0
DA:519,0
DA:520,0
DA:521,0
DA:523,0
DA:526,0
DA:527,0
DA:528,0
DA:531,0
DA:563,0
DA:564,0
DA:566,0
DA:567,0
DA:571,0
DA:574,0
DA:577,0
DA:578,0
DA:579,0
DA:582,0
DA:587,0
DA:588,0
DA:589,0
DA:592,0
DA:593,0
DA:594,0
DA:600,0
DA:601,0
DA:602,0
DA:603,0
DA:607,0
DA:608,0
DA:611,0
DA:613,0
DA:614,0
DA:616,0
DA:617,0
DA:619,0
DA:620,0
DA:622,0
DA:623,0
DA:625,0
DA:626,0
DA:632,0
DA:633,0
DA:634,0
DA:636,0
DA:637,0
DA:640,0
DA:642,0
DA:643,0
DA:648,0
DA:652,0
DA:657,0
DA:659,0
DA:662,0
DA:665,0
DA:669,0
DA:672,0
DA:677,0
DA:679,0
DA:680,0
DA:681,0
DA:682,0
DA:684,0
DA:686,0
DA:687,0
DA:694,0
DA:696,0
DA:697,0
DA:698,0
DA:700,0
DA:701,0
DA:702,0
DA:703,0
DA:704,0
DA:706,0
DA:707,0
DA:709,0
DA:712,0
DA:713,0
DA:715,0
DA:716,0
DA:717,0
DA:719,0
DA:720,0
DA:723,0
DA:727,0
DA:731,0
DA:736,0
DA:747,0
DA:749,0
DA:753,0
DA:754,0
DA:755,0
DA:757,0
DA:758,0
DA:759,0
DA:761,0
DA:762,0
DA:763,0
DA:764,0
DA:765,0
DA:766,0
DA:767,0
DA:768,0
DA:769,0
DA:772,0
DA:773,0
DA:781,0
DA:790,0
DA:791,0
DA:792,0
DA:793,0
DA:795,0
DA:796,0
DA:797,0
DA:798,0
DA:799,0
DA:800,0
DA:803,0
DA:811,0
DA:812,0
DA:813,0
DA:814,0
DA:816,0
DA:817,0
DA:818,0
DA:819,0
DA:820,0
DA:821,0
DA:825,0
DA:831,0
DA:832,0
DA:835,0
DA:836,0
DA:837,0
DA:838,0
DA:839,0
DA:840,0
DA:843,0
DA:845,0
DA:846,0
DA:847,0
DA:848,0
DA:852,0
DA:854,0
DA:855,0
DA:856,0
DA:857,0
LF:345
LH:0
end_of_record
TN:
SF:apache-debian/var/tests/test01/src/apache2-2.4.10/server/eor_bucket.c
FN:22,eor_bucket_cleanup
FN:43,eor_bucket_read
FN:51,ap_bucket_eor_make
FN:61,ap_bucket_eor_create
FN:84,eor_bucket_destroy
FNDA:1,eor_bucket_cleanup
FNDA:0,eor_bucket_read
FNDA:1,ap_bucket_eor_make
FNDA:1,ap_bucket_eor_create
FNDA:1,eor_bucket_destroy
FNF:5
FNH:4
DA:22,1
DA:24,1
DA:25,1
DA:27,1
DA:32,1
DA:34,1
DA:35,1
DA:36,1
DA:37,0
DA:40,1
DA:43,0
DA:46,0
DA:47,0
DA:48,0
DA:51,1
DA:53,1
DA:54,1
DA:55,1
DA:56,1
DA:58,1
DA:61,1
DA:64,1
DA:66,1
DA:67,1
DA:68,1
DA:69,1
DA:79,1
DA:81,1
DA:84,1
DA:86,1
DA:88,1
DA:90,1
DA:92,1
LF:33
LH:28
end_of_record
TN:
SF:apache-debian/var/tests/test01/src/apache2-2.4.10/server/mpm/event/fdqueue.c
FN:44,queue_info_cleanup
FN:66,ap_queue_info_create
FN:96,ap_queue_info_set_idle
FN:128,ap_queue_info_try_get_idler
FN:139,ap_queue_info_wait_for_idler
FN:206,ap_queue_info_get_idlers
FN:215,ap_push_pool
FN:252,ap_pop_pool
FN:283,ap_queue_info_term
FN:311,ap_queue_destroy
FN:327,ap_queue_init
FN:366,ap_queue_push
FN:397,ap_queue_push_timer
FN:424,ap_queue_pop_something
FN:480,ap_queue_interrupt_all
FN:491,ap_queue_term
FNDA:3,queue_info_cleanup
FNDA:3,ap_queue_info_create
FNDA:77,ap_queue_info_set_idle
FNDA:1,ap_queue_info_try_get_idler
FNDA:3,ap_queue_info_wait_for_idler
FNDA:3,ap_queue_info_get_idlers
FNDA:80,ap_push_pool
FNDA:3,ap_pop_pool
FNDA:6,ap_queue_info_term
FNDA:3,ap_queue_destroy
FNDA:3,ap_queue_init
FNDA:2,ap_queue_push
FNDA:0,ap_queue_push_timer
FNDA:77,ap_queue_pop_something
FNDA:6,ap_queue_interrupt_all
FNDA:3,ap_queue_term
FNF:16
FNH:15
DA:44,3
DA:46,3
DA:47,3
DA:48,3
DA:52,6
DA:53,6
DA:54,3
DA:56,3
DA:57,3
DA:59,3
DA:61,3
DA:63,3
DA:66,3
DA:73,3
DA:75,3
DA:77,3
DA:78,0
DA:80,3
DA:81,3
DA:82,0
DA:84,3
DA:85,3
DA:86,3
DA:87,3
DA:88,3
DA:91,3
DA:93,3
DA:96,77
DA:102,77
DA:105,77
DA:108,77
DA:109,0
DA:110,0
DA:112,0
DA:114,0
DA:115,0
DA:116,0
DA:117,0
DA:119,0
DA:120,0
DA:121,0
DA:125,77
DA:128,1
DA:131,1
DA:132,1
DA:133,0
DA:134,0
DA:136,1
DA:139,3
DA:147,3
DA:150,3
DA:151,0
DA:152,0
DA:155,0
DA:156,0
DA:178,0
DA:179,0
DA:180,0
DA:182,0
DA:185,0
DA:186,0
DA:187,0
DA:189,0
DA:192,0
DA:193,0
DA:194,0
DA:198,3
DA:199,0
DA:202,3
DA:206,3
DA:209,3
DA:210,3
DA:211,0
DA:212,3
DA:215,80
DA:222,80
DA:223,77
DA:225,3
DA:226,3
DA:227,3
DA:228,0
DA:229,0
DA:231,3
DA:234,3
DA:235,3
DA:237,3
DA:244,3
DA:245,3
DA:246,3
DA:248,3
DA:249,0
DA:252,3
DA:263,3
DA:268,3
DA:269,3
DA:270,3
DA:272,0
DA:273,0
DA:274,0
DA:275,0
DA:276,0
DA:277,0
DA:278,0
DA:280,0
DA:281,3
DA:283,6
DA:286,6
DA:287,6
DA:288,0
DA:290,6
DA:291,6
DA:292,6
DA:311,3
DA:313,3
DA:318,3
DA:319,3
DA:321,3
DA:327,3
DA:333,3
DA:336,0
DA:338,3
DA:339,0
DA:342,3
DA:344,3
DA:345,3
DA:346,3
DA:347,3
DA:348,3
DA:351,78
DA:352,75
DA:354,3
DA:357,3
DA:366,2
DA:372,2
DA:373,0
DA:379,2
DA:380,2
DA:381,2
DA:382,0
DA:383,2
DA:384,2
DA:385,2
DA:386,2
DA:388,2
DA:390,2
DA:391,0
DA:394,2
DA:397,0
DA:401,0
DA:402,0
DA:407,0
DA:409,0
DA:411,0
DA:412,0
DA:415,0
DA:424,77
[...]
DA:1690,0
DA:1691,0
DA:1693,0
DA:1733,0
DA:1736,0
DA:1743,0
DA:1744,0
DA:1745,0
DA:1746,0
DA:1747,0
DA:1750,0
DA:1753,0
DA:1755,0
DA:1756,0
DA:1758,0
DA:1760,0
DA:1762,0
DA:1764,0
DA:1765,0
DA:1767,0
DA:1768,0
DA:1769,0
DA:1770,0
DA:1772,0
DA:1774,0
DA:1777,3
DA:1781,4
LF:664
LH:234
end_of_record
TN:
SF:apache-debian/var/tests/test01/src/apache2-2.4.10/server/provider.c
FN:28,cleanup_global_providers
FN:35,ap_register_provider
FN:103,ap_lookup_provider
FN:131,ap_list_provider_names
FN:167,ap_list_provider_groups
FNDA:3,cleanup_global_providers
FNDA:16,ap_register_provider
FNDA:0,ap_lookup_provider
FNDA:6,ap_list_provider_names
FNDA:0,ap_list_provider_groups
FNF:5
FNH:3
DA:28,3
DA:30,3
DA:31,3
DA:32,3
DA:35,16
DA:43,16
DA:44,4
DA:45,4
DA:46,4
DA:51,16
DA:54,16
DA:55,4
DA:56,4
DA:61,16
DA:64,16
DA:65,16
DA:66,16
DA:72,16
DA:76,16
DA:79,16
DA:80,4
DA:81,4
DA:86,16
DA:89,16
DA:90,4
DA:91,4
DA:97,16
DA:100,16
DA:103,0
DA:109,0
DA:110,0
DA:113,0
DA:116,0
DA:117,0
DA:120,0
DA:123,0
DA:124,0
DA:127,0
DA:131,6
DA:135,6
DA:141,6
DA:142,0
DA:145,6
DA:148,6
DA:149,3
DA:152,3
DA:155,3
DA:156,0
DA:159,15
DA:160,12
DA:161,12
DA:162,12
DA:164,3
DA:167,0
DA:169,0
DA:175,0
DA:176,0
DA:178,0
DA:180,0
DA:182,0
DA:183,0
DA:184,0
DA:185,0
DA:187,0
DA:189,0
DA:191,0
DA:192,0
DA:193,0
DA:196,0
LF:69
LH:41
end_of_record
TN:
SF:apache-debian/var/tests/test01/src/apache2-2.4.10/server/util_expr_parse.c
FN:1003,yytnamerr
FN:1051,yysyntax_error
FN:1187,yydestruct
FN:1247,ap_expr_yyparse
FNDA:0,yytnamerr
FNDA:0,yysyntax_error
FNDA:0,yydestruct
FNDA:0,ap_expr_yyparse
FNF:4
FNH:0
DA:1003,0
DA:1005,0
DA:1007,0
DA:1008,0
DA:1011,0
DA:1015,0
DA:1018,0
DA:1019,0
DA:1022,0
DA:1023,0
DA:1024,0
DA:1025,0
DA:1028,0
DA:1029,0
DA:1030,0
DA:1032,0
DA:1035,0
DA:1036,0
DA:1038,0
DA:1051,0
DA:1054,0
DA:1055,0
DA:1059,0
DA:1064,0
DA:1093,0
DA:1095,0
DA:1096,0
DA:1097,0
DA:1102,0
DA:1104,0
DA:1105,0
DA:1108,0
DA:1109,0
DA:1110,0
DA:1112,0
DA:1114,0
DA:1115,0
DA:1116,0
DA:1118,0
DA:1119,0
DA:1120,0
DA:1122,0
DA:1123,0
DA:1128,0
DA:1134,0
DA:1135,0
DA:1136,0
DA:1137,0
DA:1138,0
DA:1139,0
DA:1143,0
DA:1144,0
DA:1145,0
DA:1146,0
DA:1148,0
DA:1150,0
DA:1151,0
DA:1153,0
DA:1154,0
DA:1161,0
DA:1162,0
DA:1163,0
DA:1164,0
DA:1166,0
DA:1167,0
DA:1171,0
DA:1172,0
DA:1175,0
DA:1187,0
DA:1200,0
DA:1201,0
DA:1208,0
DA:1210,0
DA:1247,0
DA:1298,0
DA:1299,0
DA:1306,0
DA:1308,0
DA:1309,0
DA:1310,0
DA:1311,0
DA:1315,0
DA:1316,0
DA:1317,0
DA:1318,0
DA:1324,0
DA:1325,0
DA:1327,0
DA:1335,0
DA:1338,0
DA:1340,0
DA:1343,0
DA:1370,0
DA:1371,0
DA:1372,0
DA:1373,0
DA:1374,0
DA:1377,0
DA:1378,0
DA:1379,0
DA:1380,0
DA:1381,0
DA:1382,0
DA:1383,0
DA:1385,0
DA:1386,0
DA:1391,0
DA:1392,0
DA:1397,0
DA:1398,0
DA:1403,0
DA:1404,0
DA:1406,0
DA:1417,0
DA:1418,0
DA:1419,0
DA:1424,0
DA:1427,0
DA:1430,0
DA:1432,0
DA:1437,0
DA:1443,0
DA:1444,0
DA:1446,0
DA:1447,0
DA:1451,0
DA:1452,0
DA:1457,0
DA:1458,0
DA:1464,0
DA:1466,0
DA:1467,0
DA:1469,0
DA:1476,0
DA:1477,0
DA:1478,0
DA:1479,0
DA:1487,0
DA:1497,0
DA:1501,0
DA:1891,0
DA:1906,0
DA:1907,0
DA:1910,0
DA:1916,0
DA:1918,0
DA:1919,0
DA:1920,0
DA:1922,0
DA:1924,0
DA:1933,0
DA:1936,0
DA:1938,0
DA:1945,0
DA:1947,0
DA:1948,0
DA:1949,0
DA:1950,0
DA:1952,0
DA:1953,0
DA:1954,0
DA:1955,0
DA:1957,0
DA:1958,0
DA:1959,0
DA:1963,0
DA:1964,0
DA:1967,0
DA:1968,0
DA:1969,0
DA:1977,0
DA:1982,0
DA:1985,0
DA:1986,0
DA:1990,0
DA:1992,0
DA:1998,0
DA:2014,0
DA:2015,0
DA:2017,0
DA:2018,0
DA:2025,0
DA:2029,0
DA:2030,0
DA:2032,0
DA:2033,0
DA:2035,0
DA:2036,0
DA:2037,0
DA:2042,0
DA:2043,0
DA:2046,0
DA:2047,0
DA:2048,0
DA:2049,0
DA:2051,0
DA:2053,0
DA:2059,0
DA:2060,0
DA:2067,0
DA:2068,0
DA:2074,0
DA:2075,0
DA:2082,0
DA:2083,0
DA:2088,0
DA:2092,0
DA:2093,0
DA:2098,0
DA:2100,0
DA:2102,0
DA:2103,0
DA:2104,0
DA:2107,0
DA:2108,0
DA:2111,0
DA:2112,0
DA:2115,0
LF:218
LH:0
end_of_record
SF:apache-debian/var/tests/test01/src/apache2-2.4.10/server/util_expr_parse.y
FN:212,ap_expr_yyerror
FNDA:0,ap_expr_yyerror
FNF:1
FNH:0
DA:112,0
DA:113,0
DA:114,0
DA:117,0
DA:118,0
DA:119,0
DA:120,0
DA:121,0
DA:122,0
DA:123,0
DA:124,0
DA:125,0
DA:126,0
DA:129,0
DA:130,0
DA:131,0
DA:132,0
DA:133,0
DA:134,0
DA:135,0
DA:136,0
DA:137,0
DA:138,0
DA:139,0
DA:140,0
DA:141,0
DA:142,0
DA:143,0
DA:144,0
DA:146,0
DA:147,0
DA:148,0
DA:150,0
DA:151,0
DA:152,0
DA:154,0
DA:155,0
DA:156,0
DA:159,0
DA:160,0
DA:161,0
DA:162,0
DA:164,0
DA:165,0
DA:166,0
DA:168,0
DA:169,0
DA:170,0
DA:171,0
DA:172,0
DA:173,0
DA:174,0
DA:175,0
DA:179,0
DA:181,0
DA:182,0
DA:184,0
DA:186,0
DA:188,0
DA:190,0
DA:191,0
DA:193,0
DA:195,0
DA:198,0
DA:199,0
DA:200,0
DA:202,0
DA:204,0
DA:205,0
DA:207,0
DA:208,0
DA:212,0
DA:215,0
DA:216,0
LF:74
LH:0
end_of_record
TN:
SF:apache-debian/var/tests/test01/src/apache2-2.4.10/server/core_filters.c
FN:94,ap_core_input_filter
FN:372,ap_core_output_filter
FN:576,setaside_remaining_output
FN:616,send_brigade_nonblocking
FN:716,remove_empty_buckets
FN:725,send_brigade_blocking
FN:762,writev_nonblocking
FN:830,sendfile_nonblocking
FNDA:7,ap_core_input_filter
FNDA:5,ap_core_output_filter
FNDA:5,setaside_remaining_output
FNDA:2,send_brigade_nonblocking
FNDA:9,remove_empty_buckets
FNDA:1,send_brigade_blocking
FNDA:1,writev_nonblocking
FNDA:0,sendfile_nonblocking
FNF:8
FNH:7
DA:94,7
DA:99,7
DA:100,7
DA:104,7
DA:115,0
DA:118,7
DA:120,1
DA:121,1
DA:122,1
DA:124,1
DA:125,1
DA:126,0
DA:128,6
DA:129,0
DA:133,7
DA:141,7
DA:142,0
DA:145,7
DA:147,6
DA:152,6
DA:153,0
DA:155,6
DA:161,1
DA:175,0
DA:176,0
DA:178,0
DA:180,0
DA:182,0
DA:183,0
DA:185,0
DA:186,0
DA:187,0
DA:188,0
DA:189,0
DA:190,0
DA:192,0
DA:198,0
DA:199,0
DA:213,1
DA:217,0
DA:224,0
DA:225,0
DA:226,0
DA:230,1
DA:235,1
DA:236,1
DA:238,1
DA:241,2
DA:243,0
DA:244,0
DA:246,0
DA:255,0
DA:257,0
DA:258,0
DA:259,0
DA:261,0
DA:265,0
DA:268,0
DA:270,0
DA:271,0
DA:272,0
DA:274,0
DA:275,0
DA:276,0
DA:285,0
DA:287,0
DA:288,0
DA:289,0
DA:296,0
DA:297,0
DA:300,0
DA:301,0
DA:302,0
DA:306,0
DA:308,0
DA:309,0
DA:311,0
DA:314,0
DA:315,0
DA:316,0
DA:318,0
DA:319,0
DA:320,0
DA:322,0
DA:327,0
DA:329,0
DA:372,5
DA:374,5
DA:375,5
DA:376,5
DA:377,5
DA:378,5
DA:384,5
DA:385,0
DA:386,0
DA:388,0
DA:391,5
DA:392,1
DA:393,1
DA:399,1
DA:401,1
DA:404,5
DA:405,4
DA:407,10
DA:408,5
DA:409,3
DA:410,2
DA:413,1
DA:415,3
DA:417,2
DA:418,0
DA:468,5
DA:469,1
DA:471,1
DA:472,0
DA:474,1
DA:476,0
DA:478,0
DA:480,1
DA:481,1
DA:484,4
DA:485,4
DA:486,4
DA:487,4
DA:489,18
DA:490,10
DA:491,10
DA:493,10
DA:494,5
DA:500,0
DA:503,5
DA:504,5
DA:505,3
DA:508,5
DA:509,1
DA:512,10
DA:513,9
DA:514,9
DA:515,9
DA:518,1
DA:519,0
DA:520,0
DA:522,0
DA:523,0
DA:525,0
DA:532,1
DA:534,1
DA:535,1
DA:536,1
DA:537,1
DA:541,4
DA:542,1
DA:544,1
DA:546,1
DA:548,0
DA:550,0
DA:551,0
DA:553,1
DA:556,4
DA:557,0
DA:559,0
DA:561,0
DA:563,0
DA:564,0
DA:568,4
DA:569,4
DA:576,5
DA:581,5
DA:582,5
DA:584,5
DA:585,5
DA:586,3
DA:587,3
DA:588,3
DA:589,1
DA:590,1
DA:592,3
DA:594,3
DA:597,2
DA:602,2
DA:616,2
DA:624,2
DA:626,2
DA:628,8
DA:629,6
DA:630,4
DA:631,4
DA:633,4
DA:634,1
DA:635,1
DA:642,1
DA:643,0
DA:644,0
DA:645,0
DA:646,0
DA:647,0
DA:648,0
DA:649,0
DA:650,0
DA:653,0
DA:654,0
DA:655,0
DA:657,0
DA:658,0
DA:660,0
DA:665,4
DA:671,2
DA:672,2
DA:674,0
DA:675,0
DA:676,0
DA:677,0
DA:679,0
DA:682,0
DA:684,2
DA:685,0
DA:689,2
DA:690,2
DA:691,2
DA:692,2
DA:693,2
DA:694,0
DA:695,0
DA:696,0
DA:697,0
DA:699,0
DA:704,2
DA:705,1
DA:706,1
DA:707,0
DA:711,2
DA:713,2
DA:716,9
DA:719,30
DA:720,12
DA:721,4
DA:723,9
DA:725,1
DA:732,1
DA:733,3
DA:734,1
DA:735,1
DA:736,0
DA:742,0
DA:743,0
DA:744,0
DA:745,0
DA:746,0
DA:748,0
DA:749,0
DA:750,0
DA:751,0
DA:755,0
DA:759,1
DA:762,1
DA:768,1
DA:769,1
DA:773,1
DA:774,1
DA:775,0
DA:777,1
DA:778,1
DA:779,0
DA:782,3
DA:783,2
DA:785,1
DA:786,3
DA:787,1
DA:788,1
DA:789,1
DA:790,1
DA:791,4
DA:792,2
DA:793,2
DA:794,0
DA:796,2
DA:797,2
DA:798,2
DA:799,2
DA:802,0
DA:803,0
DA:804,0
DA:805,0
DA:806,0
DA:810,1
DA:811,0
DA:814,1
DA:815,0
DA:817,1
DA:819,1
DA:820,1
DA:821,0
DA:824,1
DA:830,0
DA:835,0
DA:840,0
DA:842,0
DA:843,0
DA:846,0
DA:848,0
DA:849,0
DA:850,0
DA:851,0
DA:853,0
DA:854,0
DA:858,0
DA:859,0
DA:860,0
DA:862,0
DA:863,0
DA:864,0
DA:866,0
DA:867,0
DA:868,0
DA:869,0
DA:871,0
DA:872,0
DA:873,0
DA:876,0
DA:877,0
DA:879,0
DA:880,0
DA:881,0
DA:882,0
DA:884,0
DA:885,0
DA:887,0
LF:327
LH:161
end_of_record
TN:
SF:apache-debian/var/tests/test01/src/apache2-2.4.10/server/util_debug.c
FN:43,ap_strchr
FN:53,ap_strchr_c
FN:63,ap_strrchr
FN:73,ap_strrchr_c
FN:83,ap_strstr
FN:93,ap_strstr_c
FN:104,ap_get_module_config
FN:115,ap_get_core_module_config
FN:126,ap_get_server_module_loglevel
FN:142,ap_get_conn_module_loglevel
FN:161,ap_get_conn_server_module_loglevel
FN:181,ap_get_request_module_loglevel
FN:210,ap_set_module_config
FN:222,ap_set_core_module_config
FNDA:0,ap_strchr
FNDA:0,ap_strchr_c
FNDA:0,ap_strrchr
FNDA:0,ap_strrchr_c
FNDA:0,ap_strstr
FNDA:0,ap_strstr_c
FNDA:0,ap_get_module_config
FNDA:0,ap_get_core_module_config
FNDA:0,ap_get_server_module_loglevel
FNDA:0,ap_get_conn_module_loglevel
FNDA:0,ap_get_conn_server_module_loglevel
FNDA:0,ap_get_request_module_loglevel
FNDA:0,ap_set_module_config
FNDA:0,ap_set_core_module_config
FNF:14
FNH:0
DA:43,0
DA:45,0
DA:53,0
DA:55,0
DA:63,0
DA:65,0
DA:73,0
DA:75,0
DA:83,0
DA:85,0
DA:93,0
DA:95,0
DA:104,0
DA:107,0
DA:115,0
DA:117,0
DA:126,0
DA:128,0
DA:129,0
DA:131,0
DA:134,0
DA:142,0
DA:144,0
DA:145,0
DA:146,0
DA:148,0
DA:151,0
DA:161,0
DA:165,0
DA:166,0
DA:167,0
DA:168,0
DA:170,0
DA:173,0
DA:181,0
DA:183,0
DA:184,0
DA:185,0
DA:186,0
DA:187,0
DA:189,0
DA:192,0
DA:210,0
DA:213,0
DA:214,0
DA:222,0
DA:224,0
DA:225,0
LF:48
LH:0
end_of_record
TN:
SF:apache-debian/var/tests/test01/src/apache2-2.4.10/server/protocol.c
FN:84,ap_setup_make_content_type
FN:107,ap_make_content_type
FN:157,ap_set_content_length
FN:171,ap_rationalize_mtime
FN:209,ap_rgetline_core
FN:464,ap_getline
FN:494,ap_parse_uri
FN:552,read_request_line
FN:664,table_do_fn_check_lengths
FN:685,field_name_len
FN:693,ap_get_mime_headers_core
FN:889,ap_get_mime_headers
FN:897,ap_read_request
FN:1156,strip_headers_request_body
FN:1177,ap_set_sub_req_protocol
FN:1214,end_output_stream
FN:1226,ap_finalize_sub_req_protocol
FN:1239,ap_finalize_request_protocol
FN:1252,ap_note_auth_failure
FN:1264,ap_note_basic_auth_failure
FN:1269,ap_note_digest_auth_failure
FN:1274,ap_get_basic_auth_pw
FN:1329,ap_content_length_filter
FN:1433,ap_send_fd
FN:1458,ap_send_mmap
FN:1481,ap_old_write_filter
FN:1499,insert_old_write_filter
FN:1526,buffer_output
FN:1559,ap_rputc
FN:1573,ap_rwrite
FN:1591,r_flush
FN:1615,ap_vrprintf
FN:1644,ap_rprintf
FN:1659,ap_rvputs
FN:1691,ap_rflush
FN:1718,ap_set_last_modified
FN:1733,send_header
FN:1739,ap_send_interim_response
FN:1788,ap_hook_pre_read_request
FN:1788,ap_hook_get_pre_read_request
FN:1788,ap_run_pre_read_request
FN:1791,ap_hook_get_post_read_request
FN:1791,ap_hook_post_read_request
FN:1791,ap_run_post_read_request
FN:1793,ap_hook_log_transaction
FN:1793,ap_run_log_transaction
FN:1793,ap_hook_get_log_transaction
FN:1795,ap_run_http_scheme
FN:1795,ap_hook_get_http_scheme
FN:1795,ap_hook_http_scheme
FN:1797,ap_run_default_port
FN:1797,ap_hook_default_port
FN:1797,ap_hook_get_default_port
FN:1799,ap_run_note_auth_failure
FN:1799,ap_hook_get_note_auth_failure
FN:1799,ap_hook_note_auth_failure
FNDA:3,ap_setup_make_content_type
FNDA:1,ap_make_content_type
FNDA:2,ap_set_content_length
FNDA:1,ap_rationalize_mtime
FNDA:6,ap_rgetline_core
FNDA:0,ap_getline
FNDA:2,ap_parse_uri
FNDA:2,read_request_line
FNDA:3,table_do_fn_check_lengths
FNDA:0,field_name_len
FNDA:1,ap_get_mime_headers_core
FNDA:0,ap_get_mime_headers
FNDA:2,ap_read_request
FNDA:0,strip_headers_request_body
FNDA:1,ap_set_sub_req_protocol
FNDA:0,end_output_stream
FNDA:0,ap_finalize_sub_req_protocol
FNDA:1,ap_finalize_request_protocol
FNDA:0,ap_note_auth_failure
FNDA:0,ap_note_basic_auth_failure
FNDA:0,ap_note_digest_auth_failure
FNDA:0,ap_get_basic_auth_pw
FNDA:1,ap_content_length_filter
FNDA:0,ap_send_fd
FNDA:0,ap_send_mmap
FNDA:0,ap_old_write_filter
FNDA:0,insert_old_write_filter
FNDA:0,buffer_output
FNDA:0,ap_rputc
FNDA:0,ap_rwrite
FNDA:0,r_flush
FNDA:0,ap_vrprintf
FNDA:0,ap_rprintf
FNDA:0,ap_rvputs
FNDA:0,ap_rflush
FNDA:1,ap_set_last_modified
FNDA:0,send_header
FNDA:0,ap_send_interim_response
FNDA:2,ap_run_pre_read_request
FNDA:0,ap_hook_get_pre_read_request
FNDA:4,ap_hook_pre_read_request
FNDA:1,ap_run_post_read_request
FNDA:0,ap_hook_get_post_read_request
FNDA:0,ap_hook_post_read_request
FNDA:1,ap_run_log_transaction
FNDA:0,ap_hook_get_log_transaction
FNDA:0,ap_hook_log_transaction
FNDA:0,ap_run_http_scheme
FNDA:0,ap_hook_get_http_scheme
FNDA:4,ap_hook_http_scheme
FNDA:0,ap_run_default_port
FNDA:0,ap_hook_get_default_port
FNDA:4,ap_hook_default_port
FNDA:0,ap_run_note_auth_failure
FNDA:0,ap_hook_get_note_auth_failure
FNDA:0,ap_hook_note_auth_failure
FNF:56
FNH:20
DA:84,3
DA:87,9
DA:88,6
DA:90,3
DA:91,3
DA:92,9
DA:93,6
DA:95,3
DA:96,3
DA:97,3
DA:107,1
DA:110,1
DA:111,1
DA:115,1
DA:116,1
DA:119,0
DA:120,0
DA:123,0
DA:124,0
DA:125,0
DA:128,0
DA:130,0
DA:139,0
DA:140,0
DA:142,0
DA:143,0
DA:144,0
DA:145,0
DA:146,0
DA:147,0
DA:148,0
DA:149,0
DA:154,0
DA:157,2
DA:159,2
DA:160,2
DA:161,2
DA:162,2
DA:171,1
DA:184,1
DA:185,1
DA:209,6
DA:215,6
DA:216,6
DA:217,6
DA:224,6
DA:225,0
DA:228,6
DA:229,6
DA:231,6
DA:232,0
DA:236,6
DA:237,1
DA:240,15
DA:241,10
DA:242,5
DA:248,5
DA:249,0
DA:250,0
DA:253,5
DA:254,5
DA:255,0
DA:258,5
DA:263,0
DA:267,5
DA:268,0
DA:269,0
DA:271,0
DA:272,0
DA:275,0
DA:278,0
DA:282,5
DA:284,5
DA:285,5
DA:286,5
DA:288,0
DA:290,0
DA:293,0
DA:294,0
DA:297,0
DA:300,0
DA:301,0
DA:302,0
DA:307,5
DA:308,5
DA:309,5
DA:312,5
DA:316,5
DA:317,5
DA:319,0
DA:323,5
DA:324,5
DA:326,5
DA:327,5
DA:333,5
DA:340,0
DA:343,0
DA:345,0
DA:346,0
DA:349,0
DA:350,0
DA:353,0
DA:356,0
DA:357,0
DA:360,0
DA:361,0
DA:362,0
DA:363,0
DA:376,0
DA:377,0
DA:379,0
DA:380,0
DA:382,0
DA:383,0
DA:392,0
DA:393,0
DA:396,0
DA:399,0
DA:401,0
DA:403,0
DA:404,0
DA:407,0
DA:409,0
DA:412,0
DA:415,0
DA:418,0
DA:419,0
DA:422,0
DA:423,0
DA:429,0
DA:431,5
DA:434,5
DA:435,0
DA:438,5
DA:464,0
DA:466,0
DA:471,0
DA:472,0
DA:473,0
DA:476,0
DA:477,0
DA:481,0
DA:482,0
DA:485,0
DA:494,2
DA:496,2
DA:498,2
DA:507,4
DA:508,0
DA:510,2
DA:511,0
DA:514,2
DA:517,2
DA:519,2
DA:520,0
DA:521,0
DA:523,2
DA:524,0
DA:527,2
DA:528,4
DA:529,2
DA:545,0
DA:546,0
DA:547,0
DA:548,0
DA:550,2
DA:552,2
DA:558,2
DA:561,2
DA:562,2
DA:564,2
DA:565,0
DA:589,2
DA:590,2
DA:593,2
DA:594,1
DA:600,1
DA:601,0
DA:602,0
DA:603,0
DA:605,1
DA:606,0
DA:608,1
DA:609,0
DA:611,1
DA:613,1
DA:615,1
DA:616,0
DA:621,1
DA:622,1
DA:623,1
DA:625,1
DA:629,1
DA:630,1
DA:631,0
DA:634,1
DA:636,1
DA:637,1
DA:638,1
DA:639,1
DA:641,0
DA:642,0
DA:643,0
DA:645,1
DA:648,1
DA:649,1
DA:650,1
DA:651,1
DA:652,1
DA:654,0
DA:655,0
DA:656,0
DA:657,0
DA:659,0
DA:661,1
DA:664,3
DA:667,3
DA:668,3
DA:669,3
DA:671,0
DA:672,0
DA:673,0
DA:678,0
DA:680,0
DA:685,0
DA:687,0
DA:688,0
DA:689,0
DA:690,0
DA:693,1
DA:695,1
DA:696,1
DA:697,1
DA:701,1
DA:710,4
DA:712,4
DA:713,4
DA:716,4
DA:717,0
DA:718,0
DA:721,0
DA:723,0
DA:730,0
DA:732,0
DA:734,0
DA:735,0
DA:738,0
DA:741,0
DA:742,0
DA:748,0
DA:754,0
DA:757,4
DA:758,3
DA:765,0
DA:767,0
DA:768,0
DA:772,0
DA:773,0
DA:780,0
DA:784,0
DA:787,0
DA:789,0
DA:790,0
DA:791,0
DA:793,0
DA:794,0
DA:795,0
DA:797,0
DA:798,0
DA:799,0
DA:803,3
DA:804,3
DA:805,0
DA:806,0
DA:809,0
DA:812,0
DA:815,3
DA:816,0
DA:817,0
DA:818,0
DA:825,0
DA:829,0
DA:832,3
DA:834,3
DA:836,9
DA:837,3
DA:841,6
DA:842,3
DA:843,0
DA:847,3
DA:848,6
DA:849,3
DA:850,0
DA:853,3
DA:860,3
DA:866,4
DA:867,1
DA:874,3
DA:875,3
DA:876,3
DA:878,3
DA:883,1
DA:886,1
DA:889,0
DA:892,0
DA:893,0
DA:894,0
DA:895,0
DA:897,2
DA:902,2
DA:908,2
DA:909,2
DA:910,2
DA:912,2
DA:913,2
DA:914,2
DA:916,2
DA:917,2
DA:919,2
DA:921,2
DA:922,2
DA:923,2
DA:924,2
DA:925,2
DA:926,2
DA:927,2
DA:929,2
DA:932,2
DA:933,2
DA:934,2
DA:935,2
DA:936,2
DA:937,2
DA:939,2
DA:941,2
DA:942,2
DA:944,2
DA:945,2
DA:950,2
DA:952,2
DA:953,2
DA:955,2
DA:957,2
DA:960,2
DA:961,1
DA:962,1
DA:963,0
DA:964,0
DA:968,0
DA:969,0
DA:972,0
DA:973,0
DA:974,0
DA:975,0
DA:976,0
DA:978,1
DA:979,0
DA:980,0
DA:981,0
DA:983,0
DA:984,0
DA:987,1
DA:988,1
DA:989,1
DA:996,1
DA:997,1
DA:998,1
DA:999,0
DA:1000,0
DA:1003,1
DA:1006,1
DA:1007,1
DA:1008,0
DA:1010,0
DA:1011,0
DA:1012,0
DA:1013,0
DA:1014,0
DA:1017,1
DA:1018,1
DA:1025,0
DA:1026,0
DA:1027,0
DA:1030,0
DA:1031,0
DA:1032,0
DA:1033,0
DA:1034,0
DA:1035,0
DA:1036,0
DA:1045,0
DA:1049,0
DA:1055,0
DA:1058,0
DA:1059,0
DA:1060,0
DA:1061,0
DA:1062,0
DA:1063,0
DA:1064,0
DA:1068,1
DA:1073,1
DA:1078,1
DA:1079,0
DA:1080,0
DA:1084,1
DA:1086,1
DA:1087,1
DA:1088,1
DA:1096,0
DA:1097,0
DA:1109,1
DA:1112,1
DA:1113,1
DA:1114,0
DA:1115,0
DA:1116,0
DA:1117,0
DA:1118,0
DA:1121,1
DA:1122,0
DA:1129,0
DA:1130,0
DA:1133,0
DA:1134,0
DA:1137,0
DA:1138,0
DA:1139,0
DA:1140,0
DA:1145,1
DA:1148,1
DA:1156,0
DA:1158,0
DA:1159,0
DA:1160,0
DA:1161,0
DA:1162,0
DA:1163,0
DA:1164,0
DA:1165,0
DA:1166,0
DA:1167,0
DA:1168,0
DA:1177,1
DA:1180,1
DA:1182,1
DA:1183,1
DA:1185,1
DA:1186,1
DA:1187,1
DA:1189,1
DA:1191,1
DA:1192,1
DA:1197,1
DA:1198,1
DA:1199,0
DA:1201,1
DA:1202,1
DA:1203,1
DA:1204,1
DA:1205,1
DA:1207,1
DA:1208,1
DA:1209,1
DA:1211,1
DA:1212,1
DA:1214,0
DA:1216,0
DA:1220,0
DA:1221,0
DA:1222,0
DA:1223,0
DA:1224,0
DA:1226,0
DA:1229,0
DA:1230,0
DA:1232,0
DA:1239,1
DA:1241,1
DA:1244,1
DA:1245,0
DA:1247,1
DA:1252,0
DA:1254,0
DA:1255,0
DA:1256,0
DA:1259,0
DA:1262,0
DA:1264,0
DA:1266,0
DA:1267,0
DA:1269,0
DA:1271,0
DA:1272,0
DA:1274,0
DA:1276,0
DA:1277,0
DA:1282,0
DA:1283,0
DA:1285,0
DA:1286,0
DA:1288,0
DA:1291,0
DA:1292,0
DA:1293,0
DA:1296,0
DA:1298,0
DA:1300,0
DA:1301,0
DA:1304,0
DA:1305,0
DA:1308,0
DA:1309,0
DA:1310,0
DA:1312,0
DA:1314,0
DA:1329,1
DA:1333,1
DA:1336,1
DA:1337,1
DA:1339,1
DA:1340,1
DA:1341,1
DA:1342,1
DA:1343,1
DA:1348,1
DA:1349,3
DA:1350,2
DA:1351,1
DA:1352,1
DA:1354,1
DA:1362,0
DA:1363,0
DA:1365,0
DA:1366,0
DA:1368,0
DA:1372,0
DA:1374,0
DA:1375,0
DA:1377,0
DA:1378,0
DA:1379,0
DA:1380,0
DA:1382,0
DA:1383,0
DA:1384,0
DA:1386,0
DA:1388,0
DA:1389,0
DA:1392,0
DA:1395,0
DA:1399,1
DA:1401,1
DA:1410,2
DA:1421,1
DA:1422,0
DA:1423,1
DA:1426,1
DA:1427,1
DA:1433,0
DA:1437,0
DA:1438,0
DA:1441,0
DA:1443,0
DA:1445,0
DA:1446,0
DA:1447,0
DA:1450,0
DA:1453,0
DA:1458,0
DA:1463,0
DA:1464,0
DA:1467,0
DA:1468,0
DA:1469,0
DA:1470,0
DA:1472,0
DA:1481,0
DA:1484,0
DA:1488,0
DA:1493,0
DA:1496,0
DA:1499,0
DA:1509,0
DA:1510,0
DA:1511,0
DA:1514,0
DA:1516,0
DA:1517,0
DA:1519,0
DA:1520,0
DA:1523,0
DA:1526,0
DA:1529,0
DA:1533,0
DA:1534,0
DA:1536,0
DA:1537,0
DA:1542,0
DA:1544,0
DA:1545,0
DA:1547,0
DA:1548,0
DA:1549,0
DA:1552,0
DA:1553,0
DA:1556,0
DA:1559,0
DA:1561,0
DA:1563,0
DA:1564,0
DA:1567,0
DA:1568,0
DA:1570,0
DA:1573,0
DA:1575,0
DA:1576,0
DA:1578,0
DA:1579,0
DA:1581,0
DA:1591,0
DA:1598,0
DA:1600,0
DA:1601,0
DA:1604,0
DA:1605,0
DA:1609,0
DA:1610,0
DA:1612,0
DA:1615,0
DA:1621,0
DA:1622,0
DA:1623,0
DA:1624,0
DA:1626,0
DA:1627,0
DA:1629,0
DA:1631,0
DA:1632,0
DA:1635,0
DA:1636,0
DA:1638,0
DA:1641,0
DA:1644,0
DA:1649,0
DA:1650,0
DA:1652,0
DA:1653,0
DA:1654,0
DA:1656,0
DA:1659,0
DA:1664,0
DA:1666,0
DA:1667,0
DA:1673,0
DA:1675,0
DA:1676,0
DA:1677,0
DA:1679,0
DA:1680,0
DA:1681,0
DA:1684,0
DA:1685,0
DA:1686,0
DA:1688,0
DA:1691,0
DA:1693,0
DA:1699,0
DA:1700,0
DA:1702,0
DA:1703,0
DA:1705,0
DA:1706,0
DA:1707,0
DA:1708,0
DA:1710,0
DA:1718,1
DA:1720,1
DA:1721,1
DA:1722,1
DA:1724,1
DA:1725,1
DA:1727,1
DA:1733,0
DA:1735,0
DA:1737,0
DA:1739,0
DA:1742,0
DA:1745,0
DA:1747,0
DA:1749,0
DA:1750,0
DA:1752,0
DA:1754,0
DA:1760,0
DA:1767,0
DA:1768,0
DA:1771,0
DA:1774,0
DA:1775,0
DA:1777,0
DA:1778,0
DA:1779,0
DA:1780,0
DA:1782,0
DA:1783,0
DA:1784,0
DA:1788,6
DA:1791,1
DA:1793,1
DA:1795,4
DA:1797,4
DA:1799,0
LF:713
LH:265
end_of_record
TN:
SF:apache-debian/var/tests/test01/src/apache2-2.4.10/server/util_xml.c
FN:36,ap_xml_parse_input
FNDA:0,ap_xml_parse_input
FNF:1
FNH:0
DA:36,0
DA:43,0
DA:44,0
DA:45,0
DA:47,0
DA:48,0
DA:50,0
DA:51,0
DA:57,0
DA:61,0
DA:62,0
DA:65,0
DA:66,0
DA:67,0
DA:72,0
DA:73,0
DA:74,0
DA:77,0
DA:78,0
DA:81,0
DA:82,0
DA:83,0
DA:86,0
DA:87,0
DA:88,0
DA:91,0
DA:92,0
DA:95,0
DA:96,0
DA:97,0
DA:101,0
DA:102,0
DA:104,0
DA:107,0
DA:108,0
DA:110,0
DA:111,0
DA:112,0
DA:114,0
DA:116,0
DA:122,0
DA:125,0
DA:126,0
DA:133,0
DA:135,0
DA:138,0
LF:46
LH:0
end_of_record
